#
# There is insufficient memory for the Java Runtime Environment to continue.
# Native memory allocation (malloc) failed to allocate 1456768 bytes. Error detail: Chunk::new
# Possible reasons:
#   The system is out of physical RAM or swap space
#   This process is running with CompressedOops enabled, and the Java Heap may be blocking the growth of the native heap
# Possible solutions:
#   Reduce memory load on the system
#   Increase physical memory or swap space
#   Check if swap backing store is full
#   Decrease Java heap size (-Xmx/-Xms)
#   Decrease number of Java threads
#   Decrease Java thread stack sizes (-Xss)
#   Set larger code cache with -XX:ReservedCodeCacheSize=
#   JVM is running with Unscaled Compressed Oops mode in which the Java heap is
#     placed in the first 4GB address space. The Java Heap base address is the
#     maximum limit for the native heap growth. Please use -XX:HeapBaseMinAddress
#     to set the Java Heap base and to place the Java Heap above 4GB virtual address.
# This output file may be truncated or incomplete.
#
#  Out of Memory Error (arena.cpp:168), pid=31780, tid=29428
#
# JRE version: OpenJDK Runtime Environment Temurin-21.0.10+7 (21.0.10+7) (build 21.0.10+7-LTS)
# Java VM: OpenJDK 64-Bit Server VM Temurin-21.0.10+7 (21.0.10+7-LTS, mixed mode, sharing, tiered, compressed oops, compressed class ptrs, g1 gc, windows-amd64)
# No core dump will be written. Minidumps are not enabled by default on client versions of Windows
#

---------------  S U M M A R Y ------------

Command Line: --add-opens=java.base/java.lang=ALL-UNNAMED --add-opens=java.base/java.lang.invoke=ALL-UNNAMED --add-opens=java.base/java.util=ALL-UNNAMED --add-opens=java.prefs/java.util.prefs=ALL-UNNAMED --add-exports=jdk.compiler/com.sun.tools.javac.api=ALL-UNNAMED --add-exports=jdk.compiler/com.sun.tools.javac.util=ALL-UNNAMED --add-opens=java.base/java.util=ALL-UNNAMED --add-opens=java.prefs/java.util.prefs=ALL-UNNAMED --add-opens=java.base/java.nio.charset=ALL-UNNAMED --add-opens=java.base/java.net=ALL-UNNAMED --add-opens=java.base/java.util.concurrent.atomic=ALL-UNNAMED --add-opens=java.xml/javax.xml.namespace=ALL-UNNAMED -Xmx1536m -Dfile.encoding=UTF-8 -Duser.country=US -Duser.language=en -Duser.variant -javaagent:C:\Users\shaje\.gradle\wrapper\dists\gradle-8.14.3-all\10utluxaxniiv4wxiphsi49nj\gradle-8.14.3\lib\agents\gradle-instrumentation-agent-8.14.3.jar org.gradle.launcher.daemon.bootstrap.GradleDaemon 8.14.3

Host: AMD Ryzen 7 7435HS                             , 16 cores, 15G,  Windows 11 , 64 bit Build 26100 (10.0.26100.8328)
Time: Mon May 18 18:52:16 2026 India Standard Time elapsed time: 4.815338 seconds (0d 0h 0m 4s)

---------------  T H R E A D  ---------------

Current thread (0x000002352b812070):  JavaThread "C2 CompilerThread3" daemon [_thread_in_native, id=29428, stack(0x000000b73d200000,0x000000b73d300000) (1024K)]


Current CompileTask:
C2:4815 3140       4       java.net.URLClassLoader$1::run (5 bytes)

Stack: [0x000000b73d200000,0x000000b73d300000]
Native frames: (J=compiled Java code, j=interpreted, Vv=VM code, C=native code)
V  [jvm.dll+0x6d7a39]
V  [jvm.dll+0x8b4b26]
V  [jvm.dll+0x8b70de]
V  [jvm.dll+0x8b77c3]
V  [jvm.dll+0x284346]
V  [jvm.dll+0xc66ed]
V  [jvm.dll+0xc6c31]
V  [jvm.dll+0x3bec3b]
V  [jvm.dll+0x1e3d62]
V  [jvm.dll+0x24c6b3]
V  [jvm.dll+0x24bb40]
V  [jvm.dll+0x1cb34e]
V  [jvm.dll+0x25b85d]
V  [jvm.dll+0x259dea]
V  [jvm.dll+0x3f857e]
V  [jvm.dll+0x85f59d]
V  [jvm.dll+0x6d626d]
C  [ucrtbase.dll+0x37b0]
C  [KERNEL32.DLL+0x2e957]
C  [ntdll.dll+0x427c]


---------------  P R O C E S S  ---------------

Threads class SMR info:
_java_thread_list=0x00000235728a2390, length=30, elements={
0x00000235115b6fd0, 0x000002352b258bd0, 0x000002352b2597e0, 0x000002352b25cc70,
0x000002352b25d880, 0x000002352b25e410, 0x000002352b267030, 0x000002352b28d8a0,
0x000002352b292630, 0x000002352b22f8e0, 0x000002352b438f10, 0x000002352b52cb10,
0x000002352b52a160, 0x000002352b626680, 0x000002352b7190a0, 0x000002352b812070,
0x000002352bb2d820, 0x0000023571231a60, 0x0000023571230d40, 0x00000235712320f0,
0x00000235712341c0, 0x0000023571232e10, 0x00000235712334a0, 0x0000023571233b30,
0x0000023572753130, 0x0000023572752aa0, 0x0000023572751060, 0x00000235727537c0,
0x0000023572751d80, 0x00000235727544e0
}

Java Threads: ( => current thread )
  0x00000235115b6fd0 JavaThread "main"                              [_thread_blocked, id=22956, stack(0x000000b73b700000,0x000000b73b800000) (1024K)]
  0x000002352b258bd0 JavaThread "Reference Handler"          daemon [_thread_blocked, id=31256, stack(0x000000b73bf00000,0x000000b73c000000) (1024K)]
  0x000002352b2597e0 JavaThread "Finalizer"                  daemon [_thread_blocked, id=6224, stack(0x000000b73c000000,0x000000b73c100000) (1024K)]
  0x000002352b25cc70 JavaThread "Signal Dispatcher"          daemon [_thread_blocked, id=17328, stack(0x000000b73c100000,0x000000b73c200000) (1024K)]
  0x000002352b25d880 JavaThread "Attach Listener"            daemon [_thread_blocked, id=6264, stack(0x000000b73c200000,0x000000b73c300000) (1024K)]
  0x000002352b25e410 JavaThread "Service Thread"             daemon [_thread_blocked, id=21704, stack(0x000000b73c300000,0x000000b73c400000) (1024K)]
  0x000002352b267030 JavaThread "Monitor Deflation Thread"   daemon [_thread_blocked, id=27948, stack(0x000000b73c400000,0x000000b73c500000) (1024K)]
  0x000002352b28d8a0 JavaThread "C2 CompilerThread0"         daemon [_thread_blocked, id=25964, stack(0x000000b73c500000,0x000000b73c600000) (1024K)]
  0x000002352b292630 JavaThread "C1 CompilerThread0"         daemon [_thread_blocked, id=12220, stack(0x000000b73c600000,0x000000b73c700000) (1024K)]
  0x000002352b22f8e0 JavaThread "C1 CompilerThread1"         daemon [_thread_blocked, id=23904, stack(0x000000b73c700000,0x000000b73c800000) (1024K)]
  0x000002352b438f10 JavaThread "C1 CompilerThread2"         daemon [_thread_blocked, id=21760, stack(0x000000b73c800000,0x000000b73c900000) (1024K)]
  0x000002352b52cb10 JavaThread "Common-Cleaner"             daemon [_thread_blocked, id=28936, stack(0x000000b73c900000,0x000000b73ca00000) (1024K)]
  0x000002352b52a160 JavaThread "Notification Thread"        daemon [_thread_blocked, id=2412, stack(0x000000b73ca00000,0x000000b73cb00000) (1024K)]
  0x000002352b626680 JavaThread "C2 CompilerThread1"         daemon [_thread_in_native, id=16200, stack(0x000000b73cb00000,0x000000b73cc00000) (1024K)]
  0x000002352b7190a0 JavaThread "C2 CompilerThread2"         daemon [_thread_in_native, id=7876, stack(0x000000b73d100000,0x000000b73d200000) (1024K)]
=>0x000002352b812070 JavaThread "C2 CompilerThread3"         daemon [_thread_in_native, id=29428, stack(0x000000b73d200000,0x000000b73d300000) (1024K)]
  0x000002352bb2d820 JavaThread "C1 CompilerThread3"         daemon [_thread_blocked, id=19680, stack(0x000000b73d300000,0x000000b73d400000) (1024K)]
  0x0000023571231a60 JavaThread "Daemon health stats"               [_thread_blocked, id=22508, stack(0x000000b73d400000,0x000000b73d500000) (1024K)]
  0x0000023571230d40 JavaThread "Incoming local TCP Connector on port 57420"        [_thread_in_native, id=23264, stack(0x000000b73d500000,0x000000b73d600000) (1024K)]
  0x00000235712320f0 JavaThread "Daemon periodic checks"            [_thread_blocked, id=32000, stack(0x000000b73d600000,0x000000b73d700000) (1024K)]
  0x00000235712341c0 JavaThread "Daemon"                            [_thread_blocked, id=2080, stack(0x000000b73d700000,0x000000b73d800000) (1024K)]
  0x0000023571232e10 JavaThread "Handler for socket connection from /127.0.0.1:57420 to /127.0.0.1:57421"        [_thread_in_native, id=16196, stack(0x000000b73d800000,0x000000b73d900000) (1024K)]
  0x00000235712334a0 JavaThread "Cancel handler"                    [_thread_blocked, id=26228, stack(0x000000b73e000000,0x000000b73e100000) (1024K)]
  0x0000023571233b30 JavaThread "Daemon worker"                     [_thread_in_vm, id=25772, stack(0x000000b73e100000,0x000000b73e200000) (1024K)]
  0x0000023572753130 JavaThread "Asynchronous log dispatcher for DefaultDaemonConnection: socket connection from /127.0.0.1:57420 to /127.0.0.1:57421"        [_thread_blocked, id=22752, stack(0x000000b73e200000,0x000000b73e300000) (1024K)]
  0x0000023572752aa0 JavaThread "Stdin handler"                     [_thread_blocked, id=22196, stack(0x000000b73e300000,0x000000b73e400000) (1024K)]
  0x0000023572751060 JavaThread "Daemon client event forwarder"        [_thread_blocked, id=296, stack(0x000000b73e400000,0x000000b73e500000) (1024K)]
  0x00000235727537c0 JavaThread "Cache worker for journal cache (C:\Users\shaje\.gradle\caches\journal-1)"        [_thread_blocked, id=27476, stack(0x000000b73e500000,0x000000b73e600000) (1024K)]
  0x0000023572751d80 JavaThread "File lock request listener"        [_thread_in_native, id=29424, stack(0x000000b73e600000,0x000000b73e700000) (1024K)]
  0x00000235727544e0 JavaThread "Cache worker for file hash cache (C:\Users\shaje\.gradle\caches\8.14.3\fileHashes)"        [_thread_blocked, id=26308, stack(0x000000b73e700000,0x000000b73e800000) (1024K)]
Total: 30

Other Threads:
  0x000002352b23b330 VMThread "VM Thread"                           [id=948, stack(0x000000b73be00000,0x000000b73bf00000) (1024K)]
  0x000002352b22ee60 WatcherThread "VM Periodic Task Thread"        [id=16124, stack(0x000000b73bd00000,0x000000b73be00000) (1024K)]
  0x0000023513a886f0 WorkerThread "GC Thread#0"                     [id=24832, stack(0x000000b73b800000,0x000000b73b900000) (1024K)]
  0x000002352b62b0e0 WorkerThread "GC Thread#1"                     [id=14408, stack(0x000000b73cc00000,0x000000b73cd00000) (1024K)]
  0x000002352b729510 WorkerThread "GC Thread#2"                     [id=6892, stack(0x000000b73cd00000,0x000000b73ce00000) (1024K)]
  0x000002352b7298c0 WorkerThread "GC Thread#3"                     [id=23724, stack(0x000000b73ce00000,0x000000b73cf00000) (1024K)]
  0x000002352b729c70 WorkerThread "GC Thread#4"                     [id=30420, stack(0x000000b73cf00000,0x000000b73d000000) (1024K)]
  0x000002352b72a020 WorkerThread "GC Thread#5"                     [id=7020, stack(0x000000b73d000000,0x000000b73d100000) (1024K)]
  0x00000235725c3610 WorkerThread "GC Thread#6"                     [id=16716, stack(0x000000b73d900000,0x000000b73da00000) (1024K)]
  0x00000235725c39c0 WorkerThread "GC Thread#7"                     [id=9940, stack(0x000000b73da00000,0x000000b73db00000) (1024K)]
  0x00000235727719e0 WorkerThread "GC Thread#8"                     [id=30504, stack(0x000000b73db00000,0x000000b73dc00000) (1024K)]
  0x0000023572770ed0 WorkerThread "GC Thread#9"                     [id=19776, stack(0x000000b73dc00000,0x000000b73dd00000) (1024K)]
  0x00000235727728a0 WorkerThread "GC Thread#10"                    [id=25308, stack(0x000000b73dd00000,0x000000b73de00000) (1024K)]
  0x0000023572771280 WorkerThread "GC Thread#11"                    [id=15692, stack(0x000000b73de00000,0x000000b73df00000) (1024K)]
  0x0000023572771d90 WorkerThread "GC Thread#12"                    [id=18924, stack(0x000000b73df00000,0x000000b73e000000) (1024K)]
  0x0000023513a97480 ConcurrentGCThread "G1 Main Marker"            [id=26812, stack(0x000000b73b900000,0x000000b73ba00000) (1024K)]
  0x0000023513a97ea0 WorkerThread "G1 Conc#0"                       [id=16576, stack(0x000000b73ba00000,0x000000b73bb00000) (1024K)]
  0x0000023513afe830 ConcurrentGCThread "G1 Refine#0"               [id=32376, stack(0x000000b73bb00000,0x000000b73bc00000) (1024K)]
  0x000002352b178ad0 ConcurrentGCThread "G1 Service"                [id=14284, stack(0x000000b73bc00000,0x000000b73bd00000) (1024K)]
Total: 19

Threads with active compile tasks:
C2 CompilerThread1  4838 3141   !   4       java.net.URLClassLoader$1::run (81 bytes)
C2 CompilerThread2  4838 3139   !   4       java.net.URLClassLoader::findClass (47 bytes)
C2 CompilerThread3  4838 3140       4       java.net.URLClassLoader$1::run (5 bytes)
Total: 3

VM state: not at safepoint (normal execution)

VM Mutex/Monitor currently owned by a thread: None

Heap address: 0x00000000a0000000, size: 1536 MB, Compressed Oops mode: 32-bit

CDS archive(s) mapped at: [0x000002352c000000-0x000002352cba0000-0x000002352cba0000), size 12189696, SharedBaseAddress: 0x000002352c000000, ArchiveRelocationMode: 1.
Compressed class space mapped at: 0x000002352d000000-0x000002356d000000, reserved size: 1073741824
Narrow klass base: 0x000002352c000000, Narrow klass shift: 0, Narrow klass range: 0x100000000

GC Precious Log:
 CardTable entry size: 512
 Card Set container configuration: InlinePtr #cards 5 size 8 Array Of Cards #cards 12 size 40 Howl #buckets 4 coarsen threshold 1843 Howl Bitmap #cards 512 size 80 coarsen threshold 460 Card regions per heap region 1 cards per card region 2048
 CPUs: 16 total, 16 available
 Memory: 16202M
 Large Page Support: Disabled
 NUMA Support: Disabled
 Compressed Oops: Enabled (32-bit)
 Heap Region Size: 1M
 Heap Min Capacity: 8M
 Heap Initial Capacity: 254M
 Heap Max Capacity: 1536M
 Pre-touch: Disabled
 Parallel Workers: 13
 Concurrent Workers: 3
 Concurrent Refinement Workers: 13
 Periodic GC: Disabled

Heap:
 garbage-first heap   total 260096K, used 82622K [0x00000000a0000000, 0x0000000100000000)
  region size 1024K, 73 young (74752K), 10 survivors (10240K)
 Metaspace       used 20230K, committed 20864K, reserved 1114112K
  class space    used 2964K, committed 3264K, reserved 1048576K

Heap Regions: E=young(eden), S=young(survivor), O=old, HS=humongous(starts), HC=humongous(continues), CS=collection set, F=free, TAMS=top-at-mark-start, PB=parsable bottom
|   0|0x00000000a0000000, 0x00000000a0100000, 0x00000000a0100000|100%|HS|  |TAMS 0x00000000a0000000| PB 0x00000000a0000000| Complete 
|   1|0x00000000a0100000, 0x00000000a0200000, 0x00000000a0200000|100%|HC|  |TAMS 0x00000000a0100000| PB 0x00000000a0100000| Complete 
|   2|0x00000000a0200000, 0x00000000a0300000, 0x00000000a0300000|100%|HC|  |TAMS 0x00000000a0200000| PB 0x00000000a0200000| Complete 
|   3|0x00000000a0300000, 0x00000000a0400000, 0x00000000a0400000|100%| O|  |TAMS 0x00000000a0300000| PB 0x00000000a0300000| Untracked 
|   4|0x00000000a0400000, 0x00000000a0500000, 0x00000000a0500000|100%| O|  |TAMS 0x00000000a0400000| PB 0x00000000a0400000| Untracked 
|   5|0x00000000a0500000, 0x00000000a0600000, 0x00000000a0600000|100%| O|  |TAMS 0x00000000a0500000| PB 0x00000000a0500000| Untracked 
|   6|0x00000000a0600000, 0x00000000a0700000, 0x00000000a0700000|100%|HS|  |TAMS 0x00000000a0600000| PB 0x00000000a0600000| Complete 
|   7|0x00000000a0700000, 0x00000000a0700000, 0x00000000a0800000|  0%| F|  |TAMS 0x00000000a0700000| PB 0x00000000a0700000| Untracked 
|   8|0x00000000a0800000, 0x00000000a0900000, 0x00000000a0900000|100%| O|  |TAMS 0x00000000a0800000| PB 0x00000000a0800000| Untracked 
|   9|0x00000000a0900000, 0x00000000a09afba8, 0x00000000a0a00000| 68%| O|  |TAMS 0x00000000a0900000| PB 0x00000000a0900000| Untracked 
|  10|0x00000000a0a00000, 0x00000000a0a00000, 0x00000000a0b00000|  0%| F|  |TAMS 0x00000000a0a00000| PB 0x00000000a0a00000| Untracked 
|  11|0x00000000a0b00000, 0x00000000a0b00000, 0x00000000a0c00000|  0%| F|  |TAMS 0x00000000a0b00000| PB 0x00000000a0b00000| Untracked 
|  12|0x00000000a0c00000, 0x00000000a0c00000, 0x00000000a0d00000|  0%| F|  |TAMS 0x00000000a0c00000| PB 0x00000000a0c00000| Untracked 
|  13|0x00000000a0d00000, 0x00000000a0d00000, 0x00000000a0e00000|  0%| F|  |TAMS 0x00000000a0d00000| PB 0x00000000a0d00000| Untracked 
|  14|0x00000000a0e00000, 0x00000000a0e00000, 0x00000000a0f00000|  0%| F|  |TAMS 0x00000000a0e00000| PB 0x00000000a0e00000| Untracked 
|  15|0x00000000a0f00000, 0x00000000a0f00000, 0x00000000a1000000|  0%| F|  |TAMS 0x00000000a0f00000| PB 0x00000000a0f00000| Untracked 
|  16|0x00000000a1000000, 0x00000000a1000000, 0x00000000a1100000|  0%| F|  |TAMS 0x00000000a1000000| PB 0x00000000a1000000| Untracked 
|  17|0x00000000a1100000, 0x00000000a1100000, 0x00000000a1200000|  0%| F|  |TAMS 0x00000000a1100000| PB 0x00000000a1100000| Untracked 
|  18|0x00000000a1200000, 0x00000000a1200000, 0x00000000a1300000|  0%| F|  |TAMS 0x00000000a1200000| PB 0x00000000a1200000| Untracked 
|  19|0x00000000a1300000, 0x00000000a1300000, 0x00000000a1400000|  0%| F|  |TAMS 0x00000000a1300000| PB 0x00000000a1300000| Untracked 
|  20|0x00000000a1400000, 0x00000000a1400000, 0x00000000a1500000|  0%| F|  |TAMS 0x00000000a1400000| PB 0x00000000a1400000| Untracked 
|  21|0x00000000a1500000, 0x00000000a1500000, 0x00000000a1600000|  0%| F|  |TAMS 0x00000000a1500000| PB 0x00000000a1500000| Untracked 
|  22|0x00000000a1600000, 0x00000000a1600000, 0x00000000a1700000|  0%| F|  |TAMS 0x00000000a1600000| PB 0x00000000a1600000| Untracked 
|  23|0x00000000a1700000, 0x00000000a1700000, 0x00000000a1800000|  0%| F|  |TAMS 0x00000000a1700000| PB 0x00000000a1700000| Untracked 
|  24|0x00000000a1800000, 0x00000000a1800000, 0x00000000a1900000|  0%| F|  |TAMS 0x00000000a1800000| PB 0x00000000a1800000| Untracked 
|  25|0x00000000a1900000, 0x00000000a1900000, 0x00000000a1a00000|  0%| F|  |TAMS 0x00000000a1900000| PB 0x00000000a1900000| Untracked 
|  26|0x00000000a1a00000, 0x00000000a1a00000, 0x00000000a1b00000|  0%| F|  |TAMS 0x00000000a1a00000| PB 0x00000000a1a00000| Untracked 
|  27|0x00000000a1b00000, 0x00000000a1b00000, 0x00000000a1c00000|  0%| F|  |TAMS 0x00000000a1b00000| PB 0x00000000a1b00000| Untracked 
|  28|0x00000000a1c00000, 0x00000000a1c00000, 0x00000000a1d00000|  0%| F|  |TAMS 0x00000000a1c00000| PB 0x00000000a1c00000| Untracked 
|  29|0x00000000a1d00000, 0x00000000a1d00000, 0x00000000a1e00000|  0%| F|  |TAMS 0x00000000a1d00000| PB 0x00000000a1d00000| Untracked 
|  30|0x00000000a1e00000, 0x00000000a1e00000, 0x00000000a1f00000|  0%| F|  |TAMS 0x00000000a1e00000| PB 0x00000000a1e00000| Untracked 
|  31|0x00000000a1f00000, 0x00000000a1f00000, 0x00000000a2000000|  0%| F|  |TAMS 0x00000000a1f00000| PB 0x00000000a1f00000| Untracked 
|  32|0x00000000a2000000, 0x00000000a2000000, 0x00000000a2100000|  0%| F|  |TAMS 0x00000000a2000000| PB 0x00000000a2000000| Untracked 
|  33|0x00000000a2100000, 0x00000000a2100000, 0x00000000a2200000|  0%| F|  |TAMS 0x00000000a2100000| PB 0x00000000a2100000| Untracked 
|  34|0x00000000a2200000, 0x00000000a2200000, 0x00000000a2300000|  0%| F|  |TAMS 0x00000000a2200000| PB 0x00000000a2200000| Untracked 
|  35|0x00000000a2300000, 0x00000000a2300000, 0x00000000a2400000|  0%| F|  |TAMS 0x00000000a2300000| PB 0x00000000a2300000| Untracked 
|  36|0x00000000a2400000, 0x00000000a2400000, 0x00000000a2500000|  0%| F|  |TAMS 0x00000000a2400000| PB 0x00000000a2400000| Untracked 
|  37|0x00000000a2500000, 0x00000000a2500000, 0x00000000a2600000|  0%| F|  |TAMS 0x00000000a2500000| PB 0x00000000a2500000| Untracked 
|  38|0x00000000a2600000, 0x00000000a2600000, 0x00000000a2700000|  0%| F|  |TAMS 0x00000000a2600000| PB 0x00000000a2600000| Untracked 
|  39|0x00000000a2700000, 0x00000000a2700000, 0x00000000a2800000|  0%| F|  |TAMS 0x00000000a2700000| PB 0x00000000a2700000| Untracked 
|  40|0x00000000a2800000, 0x00000000a2800000, 0x00000000a2900000|  0%| F|  |TAMS 0x00000000a2800000| PB 0x00000000a2800000| Untracked 
|  41|0x00000000a2900000, 0x00000000a2900000, 0x00000000a2a00000|  0%| F|  |TAMS 0x00000000a2900000| PB 0x00000000a2900000| Untracked 
|  42|0x00000000a2a00000, 0x00000000a2a00000, 0x00000000a2b00000|  0%| F|  |TAMS 0x00000000a2a00000| PB 0x00000000a2a00000| Untracked 
|  43|0x00000000a2b00000, 0x00000000a2b00000, 0x00000000a2c00000|  0%| F|  |TAMS 0x00000000a2b00000| PB 0x00000000a2b00000| Untracked 
|  44|0x00000000a2c00000, 0x00000000a2c00000, 0x00000000a2d00000|  0%| F|  |TAMS 0x00000000a2c00000| PB 0x00000000a2c00000| Untracked 
|  45|0x00000000a2d00000, 0x00000000a2d00000, 0x00000000a2e00000|  0%| F|  |TAMS 0x00000000a2d00000| PB 0x00000000a2d00000| Untracked 
|  46|0x00000000a2e00000, 0x00000000a2e00000, 0x00000000a2f00000|  0%| F|  |TAMS 0x00000000a2e00000| PB 0x00000000a2e00000| Untracked 
|  47|0x00000000a2f00000, 0x00000000a2f00000, 0x00000000a3000000|  0%| F|  |TAMS 0x00000000a2f00000| PB 0x00000000a2f00000| Untracked 
|  48|0x00000000a3000000, 0x00000000a3000000, 0x00000000a3100000|  0%| F|  |TAMS 0x00000000a3000000| PB 0x00000000a3000000| Untracked 
|  49|0x00000000a3100000, 0x00000000a3100000, 0x00000000a3200000|  0%| F|  |TAMS 0x00000000a3100000| PB 0x00000000a3100000| Untracked 
|  50|0x00000000a3200000, 0x00000000a3200000, 0x00000000a3300000|  0%| F|  |TAMS 0x00000000a3200000| PB 0x00000000a3200000| Untracked 
|  51|0x00000000a3300000, 0x00000000a3300000, 0x00000000a3400000|  0%| F|  |TAMS 0x00000000a3300000| PB 0x00000000a3300000| Untracked 
|  52|0x00000000a3400000, 0x00000000a3400000, 0x00000000a3500000|  0%| F|  |TAMS 0x00000000a3400000| PB 0x00000000a3400000| Untracked 
|  53|0x00000000a3500000, 0x00000000a3500000, 0x00000000a3600000|  0%| F|  |TAMS 0x00000000a3500000| PB 0x00000000a3500000| Untracked 
|  54|0x00000000a3600000, 0x00000000a3600000, 0x00000000a3700000|  0%| F|  |TAMS 0x00000000a3600000| PB 0x00000000a3600000| Untracked 
|  55|0x00000000a3700000, 0x00000000a3700000, 0x00000000a3800000|  0%| F|  |TAMS 0x00000000a3700000| PB 0x00000000a3700000| Untracked 
|  56|0x00000000a3800000, 0x00000000a3800000, 0x00000000a3900000|  0%| F|  |TAMS 0x00000000a3800000| PB 0x00000000a3800000| Untracked 
|  57|0x00000000a3900000, 0x00000000a3900000, 0x00000000a3a00000|  0%| F|  |TAMS 0x00000000a3900000| PB 0x00000000a3900000| Untracked 
|  58|0x00000000a3a00000, 0x00000000a3a00000, 0x00000000a3b00000|  0%| F|  |TAMS 0x00000000a3a00000| PB 0x00000000a3a00000| Untracked 
|  59|0x00000000a3b00000, 0x00000000a3b00000, 0x00000000a3c00000|  0%| F|  |TAMS 0x00000000a3b00000| PB 0x00000000a3b00000| Untracked 
|  60|0x00000000a3c00000, 0x00000000a3c00000, 0x00000000a3d00000|  0%| F|  |TAMS 0x00000000a3c00000| PB 0x00000000a3c00000| Untracked 
|  61|0x00000000a3d00000, 0x00000000a3d00000, 0x00000000a3e00000|  0%| F|  |TAMS 0x00000000a3d00000| PB 0x00000000a3d00000| Untracked 
|  62|0x00000000a3e00000, 0x00000000a3e00000, 0x00000000a3f00000|  0%| F|  |TAMS 0x00000000a3e00000| PB 0x00000000a3e00000| Untracked 
|  63|0x00000000a3f00000, 0x00000000a3f00000, 0x00000000a4000000|  0%| F|  |TAMS 0x00000000a3f00000| PB 0x00000000a3f00000| Untracked 
|  64|0x00000000a4000000, 0x00000000a4000000, 0x00000000a4100000|  0%| F|  |TAMS 0x00000000a4000000| PB 0x00000000a4000000| Untracked 
|  65|0x00000000a4100000, 0x00000000a4100000, 0x00000000a4200000|  0%| F|  |TAMS 0x00000000a4100000| PB 0x00000000a4100000| Untracked 
|  66|0x00000000a4200000, 0x00000000a4200000, 0x00000000a4300000|  0%| F|  |TAMS 0x00000000a4200000| PB 0x00000000a4200000| Untracked 
|  67|0x00000000a4300000, 0x00000000a4300000, 0x00000000a4400000|  0%| F|  |TAMS 0x00000000a4300000| PB 0x00000000a4300000| Untracked 
|  68|0x00000000a4400000, 0x00000000a4400000, 0x00000000a4500000|  0%| F|  |TAMS 0x00000000a4400000| PB 0x00000000a4400000| Untracked 
|  69|0x00000000a4500000, 0x00000000a4500000, 0x00000000a4600000|  0%| F|  |TAMS 0x00000000a4500000| PB 0x00000000a4500000| Untracked 
|  70|0x00000000a4600000, 0x00000000a4600000, 0x00000000a4700000|  0%| F|  |TAMS 0x00000000a4600000| PB 0x00000000a4600000| Untracked 
|  71|0x00000000a4700000, 0x00000000a4700000, 0x00000000a4800000|  0%| F|  |TAMS 0x00000000a4700000| PB 0x00000000a4700000| Untracked 
|  72|0x00000000a4800000, 0x00000000a4800000, 0x00000000a4900000|  0%| F|  |TAMS 0x00000000a4800000| PB 0x00000000a4800000| Untracked 
|  73|0x00000000a4900000, 0x00000000a4900000, 0x00000000a4a00000|  0%| F|  |TAMS 0x00000000a4900000| PB 0x00000000a4900000| Untracked 
|  74|0x00000000a4a00000, 0x00000000a4a00000, 0x00000000a4b00000|  0%| F|  |TAMS 0x00000000a4a00000| PB 0x00000000a4a00000| Untracked 
|  75|0x00000000a4b00000, 0x00000000a4b00000, 0x00000000a4c00000|  0%| F|  |TAMS 0x00000000a4b00000| PB 0x00000000a4b00000| Untracked 
|  76|0x00000000a4c00000, 0x00000000a4c00000, 0x00000000a4d00000|  0%| F|  |TAMS 0x00000000a4c00000| PB 0x00000000a4c00000| Untracked 
|  77|0x00000000a4d00000, 0x00000000a4d00000, 0x00000000a4e00000|  0%| F|  |TAMS 0x00000000a4d00000| PB 0x00000000a4d00000| Untracked 
|  78|0x00000000a4e00000, 0x00000000a4e00000, 0x00000000a4f00000|  0%| F|  |TAMS 0x00000000a4e00000| PB 0x00000000a4e00000| Untracked 
|  79|0x00000000a4f00000, 0x00000000a4f00000, 0x00000000a5000000|  0%| F|  |TAMS 0x00000000a4f00000| PB 0x00000000a4f00000| Untracked 
|  80|0x00000000a5000000, 0x00000000a5000000, 0x00000000a5100000|  0%| F|  |TAMS 0x00000000a5000000| PB 0x00000000a5000000| Untracked 
|  81|0x00000000a5100000, 0x00000000a5100000, 0x00000000a5200000|  0%| F|  |TAMS 0x00000000a5100000| PB 0x00000000a5100000| Untracked 
|  82|0x00000000a5200000, 0x00000000a5200000, 0x00000000a5300000|  0%| F|  |TAMS 0x00000000a5200000| PB 0x00000000a5200000| Untracked 
|  83|0x00000000a5300000, 0x00000000a5300000, 0x00000000a5400000|  0%| F|  |TAMS 0x00000000a5300000| PB 0x00000000a5300000| Untracked 
|  84|0x00000000a5400000, 0x00000000a5400000, 0x00000000a5500000|  0%| F|  |TAMS 0x00000000a5400000| PB 0x00000000a5400000| Untracked 
|  85|0x00000000a5500000, 0x00000000a5500000, 0x00000000a5600000|  0%| F|  |TAMS 0x00000000a5500000| PB 0x00000000a5500000| Untracked 
|  86|0x00000000a5600000, 0x00000000a5600000, 0x00000000a5700000|  0%| F|  |TAMS 0x00000000a5600000| PB 0x00000000a5600000| Untracked 
|  87|0x00000000a5700000, 0x00000000a5700000, 0x00000000a5800000|  0%| F|  |TAMS 0x00000000a5700000| PB 0x00000000a5700000| Untracked 
|  88|0x00000000a5800000, 0x00000000a5800000, 0x00000000a5900000|  0%| F|  |TAMS 0x00000000a5800000| PB 0x00000000a5800000| Untracked 
|  89|0x00000000a5900000, 0x00000000a5900000, 0x00000000a5a00000|  0%| F|  |TAMS 0x00000000a5900000| PB 0x00000000a5900000| Untracked 
|  90|0x00000000a5a00000, 0x00000000a5a00000, 0x00000000a5b00000|  0%| F|  |TAMS 0x00000000a5a00000| PB 0x00000000a5a00000| Untracked 
|  91|0x00000000a5b00000, 0x00000000a5b00000, 0x00000000a5c00000|  0%| F|  |TAMS 0x00000000a5b00000| PB 0x00000000a5b00000| Untracked 
|  92|0x00000000a5c00000, 0x00000000a5c00000, 0x00000000a5d00000|  0%| F|  |TAMS 0x00000000a5c00000| PB 0x00000000a5c00000| Untracked 
|  93|0x00000000a5d00000, 0x00000000a5d00000, 0x00000000a5e00000|  0%| F|  |TAMS 0x00000000a5d00000| PB 0x00000000a5d00000| Untracked 
|  94|0x00000000a5e00000, 0x00000000a5e00000, 0x00000000a5f00000|  0%| F|  |TAMS 0x00000000a5e00000| PB 0x00000000a5e00000| Untracked 
|  95|0x00000000a5f00000, 0x00000000a5f00000, 0x00000000a6000000|  0%| F|  |TAMS 0x00000000a5f00000| PB 0x00000000a5f00000| Untracked 
|  96|0x00000000a6000000, 0x00000000a6000000, 0x00000000a6100000|  0%| F|  |TAMS 0x00000000a6000000| PB 0x00000000a6000000| Untracked 
|  97|0x00000000a6100000, 0x00000000a6100000, 0x00000000a6200000|  0%| F|  |TAMS 0x00000000a6100000| PB 0x00000000a6100000| Untracked 
|  98|0x00000000a6200000, 0x00000000a6200000, 0x00000000a6300000|  0%| F|  |TAMS 0x00000000a6200000| PB 0x00000000a6200000| Untracked 
|  99|0x00000000a6300000, 0x00000000a6300000, 0x00000000a6400000|  0%| F|  |TAMS 0x00000000a6300000| PB 0x00000000a6300000| Untracked 
| 100|0x00000000a6400000, 0x00000000a6400000, 0x00000000a6500000|  0%| F|  |TAMS 0x00000000a6400000| PB 0x00000000a6400000| Untracked 
| 101|0x00000000a6500000, 0x00000000a6500000, 0x00000000a6600000|  0%| F|  |TAMS 0x00000000a6500000| PB 0x00000000a6500000| Untracked 
| 102|0x00000000a6600000, 0x00000000a6600000, 0x00000000a6700000|  0%| F|  |TAMS 0x00000000a6600000| PB 0x00000000a6600000| Untracked 
| 103|0x00000000a6700000, 0x00000000a6700000, 0x00000000a6800000|  0%| F|  |TAMS 0x00000000a6700000| PB 0x00000000a6700000| Untracked 
| 104|0x00000000a6800000, 0x00000000a6800000, 0x00000000a6900000|  0%| F|  |TAMS 0x00000000a6800000| PB 0x00000000a6800000| Untracked 
| 105|0x00000000a6900000, 0x00000000a6900000, 0x00000000a6a00000|  0%| F|  |TAMS 0x00000000a6900000| PB 0x00000000a6900000| Untracked 
| 106|0x00000000a6a00000, 0x00000000a6a00000, 0x00000000a6b00000|  0%| F|  |TAMS 0x00000000a6a00000| PB 0x00000000a6a00000| Untracked 
| 107|0x00000000a6b00000, 0x00000000a6b00000, 0x00000000a6c00000|  0%| F|  |TAMS 0x00000000a6b00000| PB 0x00000000a6b00000| Untracked 
| 108|0x00000000a6c00000, 0x00000000a6c00000, 0x00000000a6d00000|  0%| F|  |TAMS 0x00000000a6c00000| PB 0x00000000a6c00000| Untracked 
| 109|0x00000000a6d00000, 0x00000000a6d00000, 0x00000000a6e00000|  0%| F|  |TAMS 0x00000000a6d00000| PB 0x00000000a6d00000| Untracked 
| 110|0x00000000a6e00000, 0x00000000a6e00000, 0x00000000a6f00000|  0%| F|  |TAMS 0x00000000a6e00000| PB 0x00000000a6e00000| Untracked 
| 111|0x00000000a6f00000, 0x00000000a6f00000, 0x00000000a7000000|  0%| F|  |TAMS 0x00000000a6f00000| PB 0x00000000a6f00000| Untracked 
| 112|0x00000000a7000000, 0x00000000a7000000, 0x00000000a7100000|  0%| F|  |TAMS 0x00000000a7000000| PB 0x00000000a7000000| Untracked 
| 113|0x00000000a7100000, 0x00000000a7100000, 0x00000000a7200000|  0%| F|  |TAMS 0x00000000a7100000| PB 0x00000000a7100000| Untracked 
| 114|0x00000000a7200000, 0x00000000a7200000, 0x00000000a7300000|  0%| F|  |TAMS 0x00000000a7200000| PB 0x00000000a7200000| Untracked 
| 115|0x00000000a7300000, 0x00000000a7300000, 0x00000000a7400000|  0%| F|  |TAMS 0x00000000a7300000| PB 0x00000000a7300000| Untracked 
| 116|0x00000000a7400000, 0x00000000a7400000, 0x00000000a7500000|  0%| F|  |TAMS 0x00000000a7400000| PB 0x00000000a7400000| Untracked 
| 117|0x00000000a7500000, 0x00000000a7500000, 0x00000000a7600000|  0%| F|  |TAMS 0x00000000a7500000| PB 0x00000000a7500000| Untracked 
| 118|0x00000000a7600000, 0x00000000a7600000, 0x00000000a7700000|  0%| F|  |TAMS 0x00000000a7600000| PB 0x00000000a7600000| Untracked 
| 119|0x00000000a7700000, 0x00000000a7700000, 0x00000000a7800000|  0%| F|  |TAMS 0x00000000a7700000| PB 0x00000000a7700000| Untracked 
| 120|0x00000000a7800000, 0x00000000a7800000, 0x00000000a7900000|  0%| F|  |TAMS 0x00000000a7800000| PB 0x00000000a7800000| Untracked 
| 121|0x00000000a7900000, 0x00000000a7900000, 0x00000000a7a00000|  0%| F|  |TAMS 0x00000000a7900000| PB 0x00000000a7900000| Untracked 
| 122|0x00000000a7a00000, 0x00000000a7a00000, 0x00000000a7b00000|  0%| F|  |TAMS 0x00000000a7a00000| PB 0x00000000a7a00000| Untracked 
| 123|0x00000000a7b00000, 0x00000000a7b00000, 0x00000000a7c00000|  0%| F|  |TAMS 0x00000000a7b00000| PB 0x00000000a7b00000| Untracked 
| 124|0x00000000a7c00000, 0x00000000a7c00000, 0x00000000a7d00000|  0%| F|  |TAMS 0x00000000a7c00000| PB 0x00000000a7c00000| Untracked 
| 125|0x00000000a7d00000, 0x00000000a7d00000, 0x00000000a7e00000|  0%| F|  |TAMS 0x00000000a7d00000| PB 0x00000000a7d00000| Untracked 
| 126|0x00000000a7e00000, 0x00000000a7e00000, 0x00000000a7f00000|  0%| F|  |TAMS 0x00000000a7e00000| PB 0x00000000a7e00000| Untracked 
| 127|0x00000000a7f00000, 0x00000000a7f00000, 0x00000000a8000000|  0%| F|  |TAMS 0x00000000a7f00000| PB 0x00000000a7f00000| Untracked 
| 128|0x00000000a8000000, 0x00000000a8000000, 0x00000000a8100000|  0%| F|  |TAMS 0x00000000a8000000| PB 0x00000000a8000000| Untracked 
| 129|0x00000000a8100000, 0x00000000a8100000, 0x00000000a8200000|  0%| F|  |TAMS 0x00000000a8100000| PB 0x00000000a8100000| Untracked 
| 130|0x00000000a8200000, 0x00000000a8200000, 0x00000000a8300000|  0%| F|  |TAMS 0x00000000a8200000| PB 0x00000000a8200000| Untracked 
| 131|0x00000000a8300000, 0x00000000a8300000, 0x00000000a8400000|  0%| F|  |TAMS 0x00000000a8300000| PB 0x00000000a8300000| Untracked 
| 132|0x00000000a8400000, 0x00000000a8400000, 0x00000000a8500000|  0%| F|  |TAMS 0x00000000a8400000| PB 0x00000000a8400000| Untracked 
| 133|0x00000000a8500000, 0x00000000a8500000, 0x00000000a8600000|  0%| F|  |TAMS 0x00000000a8500000| PB 0x00000000a8500000| Untracked 
| 134|0x00000000a8600000, 0x00000000a8600000, 0x00000000a8700000|  0%| F|  |TAMS 0x00000000a8600000| PB 0x00000000a8600000| Untracked 
| 135|0x00000000a8700000, 0x00000000a8700000, 0x00000000a8800000|  0%| F|  |TAMS 0x00000000a8700000| PB 0x00000000a8700000| Untracked 
| 136|0x00000000a8800000, 0x00000000a8800000, 0x00000000a8900000|  0%| F|  |TAMS 0x00000000a8800000| PB 0x00000000a8800000| Untracked 
| 137|0x00000000a8900000, 0x00000000a8900000, 0x00000000a8a00000|  0%| F|  |TAMS 0x00000000a8900000| PB 0x00000000a8900000| Untracked 
| 138|0x00000000a8a00000, 0x00000000a8a00000, 0x00000000a8b00000|  0%| F|  |TAMS 0x00000000a8a00000| PB 0x00000000a8a00000| Untracked 
| 139|0x00000000a8b00000, 0x00000000a8b00000, 0x00000000a8c00000|  0%| F|  |TAMS 0x00000000a8b00000| PB 0x00000000a8b00000| Untracked 
| 140|0x00000000a8c00000, 0x00000000a8c00000, 0x00000000a8d00000|  0%| F|  |TAMS 0x00000000a8c00000| PB 0x00000000a8c00000| Untracked 
| 141|0x00000000a8d00000, 0x00000000a8d00000, 0x00000000a8e00000|  0%| F|  |TAMS 0x00000000a8d00000| PB 0x00000000a8d00000| Untracked 
| 142|0x00000000a8e00000, 0x00000000a8e00000, 0x00000000a8f00000|  0%| F|  |TAMS 0x00000000a8e00000| PB 0x00000000a8e00000| Untracked 
| 143|0x00000000a8f00000, 0x00000000a8f00000, 0x00000000a9000000|  0%| F|  |TAMS 0x00000000a8f00000| PB 0x00000000a8f00000| Untracked 
| 144|0x00000000a9000000, 0x00000000a9000000, 0x00000000a9100000|  0%| F|  |TAMS 0x00000000a9000000| PB 0x00000000a9000000| Untracked 
| 145|0x00000000a9100000, 0x00000000a9100000, 0x00000000a9200000|  0%| F|  |TAMS 0x00000000a9100000| PB 0x00000000a9100000| Untracked 
| 146|0x00000000a9200000, 0x00000000a9200000, 0x00000000a9300000|  0%| F|  |TAMS 0x00000000a9200000| PB 0x00000000a9200000| Untracked 
| 147|0x00000000a9300000, 0x00000000a9300000, 0x00000000a9400000|  0%| F|  |TAMS 0x00000000a9300000| PB 0x00000000a9300000| Untracked 
| 148|0x00000000a9400000, 0x00000000a9400000, 0x00000000a9500000|  0%| F|  |TAMS 0x00000000a9400000| PB 0x00000000a9400000| Untracked 
| 149|0x00000000a9500000, 0x00000000a9500000, 0x00000000a9600000|  0%| F|  |TAMS 0x00000000a9500000| PB 0x00000000a9500000| Untracked 
| 150|0x00000000a9600000, 0x00000000a9600000, 0x00000000a9700000|  0%| F|  |TAMS 0x00000000a9600000| PB 0x00000000a9600000| Untracked 
| 151|0x00000000a9700000, 0x00000000a9700000, 0x00000000a9800000|  0%| F|  |TAMS 0x00000000a9700000| PB 0x00000000a9700000| Untracked 
| 152|0x00000000a9800000, 0x00000000a9800000, 0x00000000a9900000|  0%| F|  |TAMS 0x00000000a9800000| PB 0x00000000a9800000| Untracked 
| 153|0x00000000a9900000, 0x00000000a9900000, 0x00000000a9a00000|  0%| F|  |TAMS 0x00000000a9900000| PB 0x00000000a9900000| Untracked 
| 154|0x00000000a9a00000, 0x00000000a9a00000, 0x00000000a9b00000|  0%| F|  |TAMS 0x00000000a9a00000| PB 0x00000000a9a00000| Untracked 
| 155|0x00000000a9b00000, 0x00000000a9b00000, 0x00000000a9c00000|  0%| F|  |TAMS 0x00000000a9b00000| PB 0x00000000a9b00000| Untracked 
| 156|0x00000000a9c00000, 0x00000000a9c00000, 0x00000000a9d00000|  0%| F|  |TAMS 0x00000000a9c00000| PB 0x00000000a9c00000| Untracked 
| 157|0x00000000a9d00000, 0x00000000a9d00000, 0x00000000a9e00000|  0%| F|  |TAMS 0x00000000a9d00000| PB 0x00000000a9d00000| Untracked 
| 158|0x00000000a9e00000, 0x00000000a9e00000, 0x00000000a9f00000|  0%| F|  |TAMS 0x00000000a9e00000| PB 0x00000000a9e00000| Untracked 
| 159|0x00000000a9f00000, 0x00000000a9f00000, 0x00000000aa000000|  0%| F|  |TAMS 0x00000000a9f00000| PB 0x00000000a9f00000| Untracked 
| 160|0x00000000aa000000, 0x00000000aa000000, 0x00000000aa100000|  0%| F|  |TAMS 0x00000000aa000000| PB 0x00000000aa000000| Untracked 
| 161|0x00000000aa100000, 0x00000000aa100000, 0x00000000aa200000|  0%| F|  |TAMS 0x00000000aa100000| PB 0x00000000aa100000| Untracked 
| 162|0x00000000aa200000, 0x00000000aa200000, 0x00000000aa300000|  0%| F|  |TAMS 0x00000000aa200000| PB 0x00000000aa200000| Untracked 
| 163|0x00000000aa300000, 0x00000000aa300000, 0x00000000aa400000|  0%| F|  |TAMS 0x00000000aa300000| PB 0x00000000aa300000| Untracked 
| 164|0x00000000aa400000, 0x00000000aa400000, 0x00000000aa500000|  0%| F|  |TAMS 0x00000000aa400000| PB 0x00000000aa400000| Untracked 
| 165|0x00000000aa500000, 0x00000000aa500000, 0x00000000aa600000|  0%| F|  |TAMS 0x00000000aa500000| PB 0x00000000aa500000| Untracked 
| 166|0x00000000aa600000, 0x00000000aa600000, 0x00000000aa700000|  0%| F|  |TAMS 0x00000000aa600000| PB 0x00000000aa600000| Untracked 
| 167|0x00000000aa700000, 0x00000000aa700000, 0x00000000aa800000|  0%| F|  |TAMS 0x00000000aa700000| PB 0x00000000aa700000| Untracked 
| 168|0x00000000aa800000, 0x00000000aa800000, 0x00000000aa900000|  0%| F|  |TAMS 0x00000000aa800000| PB 0x00000000aa800000| Untracked 
| 169|0x00000000aa900000, 0x00000000aaa00000, 0x00000000aaa00000|100%| S|CS|TAMS 0x00000000aa900000| PB 0x00000000aa900000| Complete 
| 170|0x00000000aaa00000, 0x00000000aab00000, 0x00000000aab00000|100%| S|CS|TAMS 0x00000000aaa00000| PB 0x00000000aaa00000| Complete 
| 171|0x00000000aab00000, 0x00000000aac00000, 0x00000000aac00000|100%| S|CS|TAMS 0x00000000aab00000| PB 0x00000000aab00000| Complete 
| 172|0x00000000aac00000, 0x00000000aad00000, 0x00000000aad00000|100%| S|CS|TAMS 0x00000000aac00000| PB 0x00000000aac00000| Complete 
| 173|0x00000000aad00000, 0x00000000aae00000, 0x00000000aae00000|100%| S|CS|TAMS 0x00000000aad00000| PB 0x00000000aad00000| Complete 
| 174|0x00000000aae00000, 0x00000000aaf00000, 0x00000000aaf00000|100%| S|CS|TAMS 0x00000000aae00000| PB 0x00000000aae00000| Complete 
| 175|0x00000000aaf00000, 0x00000000ab000000, 0x00000000ab000000|100%| S|CS|TAMS 0x00000000aaf00000| PB 0x00000000aaf00000| Complete 
| 176|0x00000000ab000000, 0x00000000ab100000, 0x00000000ab100000|100%| S|CS|TAMS 0x00000000ab000000| PB 0x00000000ab000000| Complete 
| 177|0x00000000ab100000, 0x00000000ab200000, 0x00000000ab200000|100%| S|CS|TAMS 0x00000000ab100000| PB 0x00000000ab100000| Complete 
| 178|0x00000000ab200000, 0x00000000ab300000, 0x00000000ab300000|100%| S|CS|TAMS 0x00000000ab200000| PB 0x00000000ab200000| Complete 
| 179|0x00000000ab300000, 0x00000000ab300000, 0x00000000ab400000|  0%| F|  |TAMS 0x00000000ab300000| PB 0x00000000ab300000| Untracked 
| 180|0x00000000ab400000, 0x00000000ab400000, 0x00000000ab500000|  0%| F|  |TAMS 0x00000000ab400000| PB 0x00000000ab400000| Untracked 
| 181|0x00000000ab500000, 0x00000000ab500000, 0x00000000ab600000|  0%| F|  |TAMS 0x00000000ab500000| PB 0x00000000ab500000| Untracked 
| 182|0x00000000ab600000, 0x00000000ab600000, 0x00000000ab700000|  0%| F|  |TAMS 0x00000000ab600000| PB 0x00000000ab600000| Untracked 
| 183|0x00000000ab700000, 0x00000000ab700000, 0x00000000ab800000|  0%| F|  |TAMS 0x00000000ab700000| PB 0x00000000ab700000| Untracked 
| 184|0x00000000ab800000, 0x00000000ab800000, 0x00000000ab900000|  0%| F|  |TAMS 0x00000000ab800000| PB 0x00000000ab800000| Untracked 
| 185|0x00000000ab900000, 0x00000000ab900000, 0x00000000aba00000|  0%| F|  |TAMS 0x00000000ab900000| PB 0x00000000ab900000| Untracked 
| 186|0x00000000aba00000, 0x00000000aba00000, 0x00000000abb00000|  0%| F|  |TAMS 0x00000000aba00000| PB 0x00000000aba00000| Untracked 
| 187|0x00000000abb00000, 0x00000000abb00000, 0x00000000abc00000|  0%| F|  |TAMS 0x00000000abb00000| PB 0x00000000abb00000| Untracked 
| 188|0x00000000abc00000, 0x00000000abc00000, 0x00000000abd00000|  0%| F|  |TAMS 0x00000000abc00000| PB 0x00000000abc00000| Untracked 
| 189|0x00000000abd00000, 0x00000000abd00000, 0x00000000abe00000|  0%| F|  |TAMS 0x00000000abd00000| PB 0x00000000abd00000| Untracked 
| 190|0x00000000abe00000, 0x00000000abe00000, 0x00000000abf00000|  0%| F|  |TAMS 0x00000000abe00000| PB 0x00000000abe00000| Untracked 
| 191|0x00000000abf00000, 0x00000000abfd1bb0, 0x00000000ac000000| 81%| E|  |TAMS 0x00000000abf00000| PB 0x00000000abf00000| Complete 
| 192|0x00000000ac000000, 0x00000000ac100000, 0x00000000ac100000|100%| E|CS|TAMS 0x00000000ac000000| PB 0x00000000ac000000| Complete 
| 193|0x00000000ac100000, 0x00000000ac200000, 0x00000000ac200000|100%| E|CS|TAMS 0x00000000ac100000| PB 0x00000000ac100000| Complete 
| 194|0x00000000ac200000, 0x00000000ac300000, 0x00000000ac300000|100%| E|CS|TAMS 0x00000000ac200000| PB 0x00000000ac200000| Complete 
| 195|0x00000000ac300000, 0x00000000ac400000, 0x00000000ac400000|100%| E|CS|TAMS 0x00000000ac300000| PB 0x00000000ac300000| Complete 
| 196|0x00000000ac400000, 0x00000000ac500000, 0x00000000ac500000|100%| E|CS|TAMS 0x00000000ac400000| PB 0x00000000ac400000| Complete 
| 197|0x00000000ac500000, 0x00000000ac600000, 0x00000000ac600000|100%| E|CS|TAMS 0x00000000ac500000| PB 0x00000000ac500000| Complete 
| 198|0x00000000ac600000, 0x00000000ac700000, 0x00000000ac700000|100%| E|CS|TAMS 0x00000000ac600000| PB 0x00000000ac600000| Complete 
| 199|0x00000000ac700000, 0x00000000ac800000, 0x00000000ac800000|100%| E|CS|TAMS 0x00000000ac700000| PB 0x00000000ac700000| Complete 
| 200|0x00000000ac800000, 0x00000000ac900000, 0x00000000ac900000|100%| E|CS|TAMS 0x00000000ac800000| PB 0x00000000ac800000| Complete 
| 201|0x00000000ac900000, 0x00000000aca00000, 0x00000000aca00000|100%| E|CS|TAMS 0x00000000ac900000| PB 0x00000000ac900000| Complete 
| 202|0x00000000aca00000, 0x00000000acb00000, 0x00000000acb00000|100%| E|CS|TAMS 0x00000000aca00000| PB 0x00000000aca00000| Complete 
| 203|0x00000000acb00000, 0x00000000acc00000, 0x00000000acc00000|100%| E|CS|TAMS 0x00000000acb00000| PB 0x00000000acb00000| Complete 
| 204|0x00000000acc00000, 0x00000000acd00000, 0x00000000acd00000|100%| E|CS|TAMS 0x00000000acc00000| PB 0x00000000acc00000| Complete 
| 205|0x00000000acd00000, 0x00000000ace00000, 0x00000000ace00000|100%| E|CS|TAMS 0x00000000acd00000| PB 0x00000000acd00000| Complete 
| 206|0x00000000ace00000, 0x00000000acf00000, 0x00000000acf00000|100%| E|CS|TAMS 0x00000000ace00000| PB 0x00000000ace00000| Complete 
| 207|0x00000000acf00000, 0x00000000ad000000, 0x00000000ad000000|100%| E|CS|TAMS 0x00000000acf00000| PB 0x00000000acf00000| Complete 
| 208|0x00000000ad000000, 0x00000000ad100000, 0x00000000ad100000|100%| E|CS|TAMS 0x00000000ad000000| PB 0x00000000ad000000| Complete 
| 209|0x00000000ad100000, 0x00000000ad200000, 0x00000000ad200000|100%| E|CS|TAMS 0x00000000ad100000| PB 0x00000000ad100000| Complete 
| 210|0x00000000ad200000, 0x00000000ad300000, 0x00000000ad300000|100%| E|CS|TAMS 0x00000000ad200000| PB 0x00000000ad200000| Complete 
| 211|0x00000000ad300000, 0x00000000ad400000, 0x00000000ad400000|100%| E|CS|TAMS 0x00000000ad300000| PB 0x00000000ad300000| Complete 
| 212|0x00000000ad400000, 0x00000000ad500000, 0x00000000ad500000|100%| E|CS|TAMS 0x00000000ad400000| PB 0x00000000ad400000| Complete 
| 213|0x00000000ad500000, 0x00000000ad600000, 0x00000000ad600000|100%| E|CS|TAMS 0x00000000ad500000| PB 0x00000000ad500000| Complete 
| 214|0x00000000ad600000, 0x00000000ad700000, 0x00000000ad700000|100%| E|CS|TAMS 0x00000000ad600000| PB 0x00000000ad600000| Complete 
| 215|0x00000000ad700000, 0x00000000ad800000, 0x00000000ad800000|100%| E|CS|TAMS 0x00000000ad700000| PB 0x00000000ad700000| Complete 
| 216|0x00000000ad800000, 0x00000000ad900000, 0x00000000ad900000|100%| E|CS|TAMS 0x00000000ad800000| PB 0x00000000ad800000| Complete 
| 217|0x00000000ad900000, 0x00000000ada00000, 0x00000000ada00000|100%| E|CS|TAMS 0x00000000ad900000| PB 0x00000000ad900000| Complete 
| 218|0x00000000ada00000, 0x00000000adb00000, 0x00000000adb00000|100%| E|CS|TAMS 0x00000000ada00000| PB 0x00000000ada00000| Complete 
| 219|0x00000000adb00000, 0x00000000adc00000, 0x00000000adc00000|100%| E|CS|TAMS 0x00000000adb00000| PB 0x00000000adb00000| Complete 
| 220|0x00000000adc00000, 0x00000000add00000, 0x00000000add00000|100%| E|CS|TAMS 0x00000000adc00000| PB 0x00000000adc00000| Complete 
| 221|0x00000000add00000, 0x00000000ade00000, 0x00000000ade00000|100%| E|CS|TAMS 0x00000000add00000| PB 0x00000000add00000| Complete 
| 222|0x00000000ade00000, 0x00000000adf00000, 0x00000000adf00000|100%| E|CS|TAMS 0x00000000ade00000| PB 0x00000000ade00000| Complete 
| 223|0x00000000adf00000, 0x00000000ae000000, 0x00000000ae000000|100%| E|CS|TAMS 0x00000000adf00000| PB 0x00000000adf00000| Complete 
| 224|0x00000000ae000000, 0x00000000ae100000, 0x00000000ae100000|100%| E|CS|TAMS 0x00000000ae000000| PB 0x00000000ae000000| Complete 
| 225|0x00000000ae100000, 0x00000000ae200000, 0x00000000ae200000|100%| E|CS|TAMS 0x00000000ae100000| PB 0x00000000ae100000| Complete 
| 226|0x00000000ae200000, 0x00000000ae300000, 0x00000000ae300000|100%| E|CS|TAMS 0x00000000ae200000| PB 0x00000000ae200000| Complete 
| 227|0x00000000ae300000, 0x00000000ae400000, 0x00000000ae400000|100%| E|CS|TAMS 0x00000000ae300000| PB 0x00000000ae300000| Complete 
| 228|0x00000000ae400000, 0x00000000ae500000, 0x00000000ae500000|100%| E|CS|TAMS 0x00000000ae400000| PB 0x00000000ae400000| Complete 
| 229|0x00000000ae500000, 0x00000000ae600000, 0x00000000ae600000|100%| E|CS|TAMS 0x00000000ae500000| PB 0x00000000ae500000| Complete 
| 230|0x00000000ae600000, 0x00000000ae700000, 0x00000000ae700000|100%| E|CS|TAMS 0x00000000ae600000| PB 0x00000000ae600000| Complete 
| 231|0x00000000ae700000, 0x00000000ae800000, 0x00000000ae800000|100%| E|CS|TAMS 0x00000000ae700000| PB 0x00000000ae700000| Complete 
| 232|0x00000000ae800000, 0x00000000ae900000, 0x00000000ae900000|100%| E|CS|TAMS 0x00000000ae800000| PB 0x00000000ae800000| Complete 
| 233|0x00000000ae900000, 0x00000000aea00000, 0x00000000aea00000|100%| E|CS|TAMS 0x00000000ae900000| PB 0x00000000ae900000| Complete 
| 234|0x00000000aea00000, 0x00000000aeb00000, 0x00000000aeb00000|100%| E|CS|TAMS 0x00000000aea00000| PB 0x00000000aea00000| Complete 
| 235|0x00000000aeb00000, 0x00000000aec00000, 0x00000000aec00000|100%| E|CS|TAMS 0x00000000aeb00000| PB 0x00000000aeb00000| Complete 
| 236|0x00000000aec00000, 0x00000000aed00000, 0x00000000aed00000|100%| E|CS|TAMS 0x00000000aec00000| PB 0x00000000aec00000| Complete 
| 237|0x00000000aed00000, 0x00000000aee00000, 0x00000000aee00000|100%| E|CS|TAMS 0x00000000aed00000| PB 0x00000000aed00000| Complete 
| 238|0x00000000aee00000, 0x00000000aef00000, 0x00000000aef00000|100%| E|CS|TAMS 0x00000000aee00000| PB 0x00000000aee00000| Complete 
| 239|0x00000000aef00000, 0x00000000af000000, 0x00000000af000000|100%| E|CS|TAMS 0x00000000aef00000| PB 0x00000000aef00000| Complete 
| 240|0x00000000af000000, 0x00000000af100000, 0x00000000af100000|100%| E|CS|TAMS 0x00000000af000000| PB 0x00000000af000000| Complete 
| 241|0x00000000af100000, 0x00000000af200000, 0x00000000af200000|100%| E|CS|TAMS 0x00000000af100000| PB 0x00000000af100000| Complete 
| 242|0x00000000af200000, 0x00000000af300000, 0x00000000af300000|100%| E|CS|TAMS 0x00000000af200000| PB 0x00000000af200000| Complete 
| 243|0x00000000af300000, 0x00000000af400000, 0x00000000af400000|100%| E|CS|TAMS 0x00000000af300000| PB 0x00000000af300000| Complete 
| 244|0x00000000af400000, 0x00000000af500000, 0x00000000af500000|100%| E|CS|TAMS 0x00000000af400000| PB 0x00000000af400000| Complete 
| 245|0x00000000af500000, 0x00000000af600000, 0x00000000af600000|100%| E|CS|TAMS 0x00000000af500000| PB 0x00000000af500000| Complete 
| 246|0x00000000af600000, 0x00000000af700000, 0x00000000af700000|100%| E|CS|TAMS 0x00000000af600000| PB 0x00000000af600000| Complete 
| 247|0x00000000af700000, 0x00000000af800000, 0x00000000af800000|100%| E|CS|TAMS 0x00000000af700000| PB 0x00000000af700000| Complete 
| 248|0x00000000af800000, 0x00000000af900000, 0x00000000af900000|100%| E|CS|TAMS 0x00000000af800000| PB 0x00000000af800000| Complete 
| 249|0x00000000af900000, 0x00000000afa00000, 0x00000000afa00000|100%| E|CS|TAMS 0x00000000af900000| PB 0x00000000af900000| Complete 
| 250|0x00000000afa00000, 0x00000000afb00000, 0x00000000afb00000|100%| E|CS|TAMS 0x00000000afa00000| PB 0x00000000afa00000| Complete 
| 251|0x00000000afb00000, 0x00000000afc00000, 0x00000000afc00000|100%| E|CS|TAMS 0x00000000afb00000| PB 0x00000000afb00000| Complete 
| 252|0x00000000afc00000, 0x00000000afd00000, 0x00000000afd00000|100%| E|CS|TAMS 0x00000000afc00000| PB 0x00000000afc00000| Complete 
| 253|0x00000000afd00000, 0x00000000afe00000, 0x00000000afe00000|100%| E|CS|TAMS 0x00000000afd00000| PB 0x00000000afd00000| Complete 

Card table byte_map: [0x00000235267d0000,0x0000023526ad0000] _byte_map_base: 0x00000235262d0000

Marking Bits: (CMBitMap*) 0x0000023513a89d20
 Bits: [0x0000023526ad0000, 0x00000235282d0000)

Polling page: 0x00000235118c0000

Metaspace:

Usage:
  Non-class:     16.88 MB used.
      Class:      2.90 MB used.
       Both:     19.78 MB used.

Virtual space:
  Non-class space:       64.00 MB reserved,      17.19 MB ( 27%) committed,  1 nodes.
      Class space:        1.00 GB reserved,       3.19 MB ( <1%) committed,  1 nodes.
             Both:        1.06 GB reserved,      20.38 MB (  2%) committed. 

Chunk freelists:
   Non-Class:  14.62 MB
       Class:  12.63 MB
        Both:  27.26 MB

MaxMetaspaceSize: unlimited
CompressedClassSpaceSize: 1.00 GB
Initial GC threshold: 21.00 MB
Current GC threshold: 21.00 MB
CDS: on
 - commit_granule_bytes: 65536.
 - commit_granule_words: 8192.
 - virtual_space_node_default_size: 8388608.
 - enlarge_chunks_in_place: 1.
 - use_allocation_guard: 0.


Internal statistics:

num_allocs_failed_limit: 0.
num_arena_births: 936.
num_arena_deaths: 0.
num_vsnodes_births: 2.
num_vsnodes_deaths: 0.
num_space_committed: 326.
num_space_uncommitted: 0.
num_chunks_returned_to_freelist: 0.
num_chunks_taken_from_freelist: 1739.
num_chunk_merges: 0.
num_chunk_splits: 1114.
num_chunks_enlarged: 718.
num_inconsistent_stats: 0.

CodeHeap 'non-profiled nmethods': size=119168Kb used=1704Kb max_used=1704Kb free=117463Kb
 bounds [0x000002351e7e0000, 0x000002351ea50000, 0x0000023525c40000]
CodeHeap 'profiled nmethods': size=119104Kb used=6506Kb max_used=6506Kb free=112597Kb
 bounds [0x0000023516c40000, 0x00000235172a0000, 0x000002351e090000]
CodeHeap 'non-nmethods': size=7488Kb used=3111Kb max_used=3162Kb free=4376Kb
 bounds [0x000002351e090000, 0x000002351e3b0000, 0x000002351e7e0000]
CodeCache: size=245760Kb, used=11321Kb, max_used=11372Kb, free=234436Kb
 total_blobs=3786, nmethods=3207, adapters=480, full_count=0
Compilation: enabled, stopped_count=0, restarted_count=0

Compilation events (20 events):
Event: 2.756 Thread 0x000002352b28d8a0 3182       4       java.security.CodeSource::getCertificates (95 bytes)
Event: 2.757 Thread 0x000002352b28d8a0 nmethod 3182 0x000002351e988310 code [0x000002351e9884a0, 0x000002351e988570]
Event: 3.035 Thread 0x000002352b28d8a0 3192       4       java.util.concurrent.locks.AbstractQueuedSynchronizer::release (19 bytes)
Event: 3.798 Thread 0x000002352bb2d820 3193       3       org.gradle.internal.service.RelevantMethods$RelevantMethodsBuilder::add (101 bytes)
Event: 3.799 Thread 0x000002352b28d8a0 nmethod 3192 0x000002351e988610 code [0x000002351e9887c0, 0x000002351e9889c0]
Event: 3.799 Thread 0x000002352bb2d820 nmethod 3193 0x0000023517294490 code [0x0000023517294760, 0x0000023517295468]
Event: 4.047 Thread 0x000002352b22f8e0 3194       3       java.util.concurrent.TimeUnit::toNanos (45 bytes)
Event: 4.172 Thread 0x000002352b438f10 3196       3       jdk.internal.misc.Unsafe::putReferenceOpaque (9 bytes)
Event: 4.172 Thread 0x000002352bb2d820 3197       3       java.util.concurrent.locks.AbstractQueuedSynchronizer$ConditionObject::canReacquire (38 bytes)
Event: 4.172 Thread 0x000002352b292630 3198       3       java.lang.Thread::isVirtual (5 bytes)
Event: 4.813 Thread 0x000002352b438f10 nmethod 3196 0x0000023517295a10 code [0x0000023517295ba0, 0x0000023517295d00]
Event: 4.813 Thread 0x000002352b292630 nmethod 3198 0x0000023517295d90 code [0x0000023517295f40, 0x0000023517296148]
Event: 4.813 Thread 0x000002352b22f8e0 nmethod 3194 0x0000023517296210 code [0x00000235172963c0, 0x0000023517296610]
Event: 4.813 Thread 0x000002352b438f10 3200       3       java.util.concurrent.locks.LockSupport::setBlocker (12 bytes)
Event: 4.813 Thread 0x000002352b292630 3204       3       java.util.stream.StreamSupport::stream (19 bytes)
Event: 4.813 Thread 0x000002352b22f8e0 3205       3       java.util.stream.StreamOpFlag::fromCharacteristics (37 bytes)
Event: 4.813 Thread 0x000002352bb2d820 nmethod 3197 0x0000023517296690 code [0x0000023517296860, 0x0000023517296ba8]
Event: 4.813 Thread 0x000002352bb2d820 3206       3       java.util.stream.ReferencePipeline$Head::<init> (8 bytes)
Event: 4.813 Thread 0x000002352b438f10 nmethod 3200 0x0000023517296d10 code [0x0000023517296ec0, 0x00000235172970c8]
Event: 4.813 Thread 0x000002352b22f8e0 nmethod 3205 0x0000023517297190 code [0x0000023517297360, 0x0000023517297680]

GC Heap History (6 events):
Event: 0.371 GC heap before
{Heap before GC invocations=0 (full 0):
 garbage-first heap   total 260096K, used 22528K [0x00000000a0000000, 0x0000000100000000)
  region size 1024K, 23 young (23552K), 0 survivors (0K)
 Metaspace       used 896K, committed 1024K, reserved 1114112K
  class space    used 71K, committed 128K, reserved 1048576K
}
Event: 0.374 GC heap after
{Heap after GC invocations=1 (full 0):
 garbage-first heap   total 260096K, used 1578K [0x00000000a0000000, 0x0000000100000000)
  region size 1024K, 2 young (2048K), 2 survivors (2048K)
 Metaspace       used 896K, committed 1024K, reserved 1114112K
  class space    used 71K, committed 128K, reserved 1048576K
}
Event: 0.973 GC heap before
{Heap before GC invocations=1 (full 0):
 garbage-first heap   total 260096K, used 40490K [0x00000000a0000000, 0x0000000100000000)
  region size 1024K, 38 young (38912K), 2 survivors (2048K)
 Metaspace       used 4447K, committed 4608K, reserved 1114112K
  class space    used 557K, committed 640K, reserved 1048576K
}
Event: 0.978 GC heap after
{Heap after GC invocations=2 (full 0):
 garbage-first heap   total 260096K, used 11150K [0x00000000a0000000, 0x0000000100000000)
  region size 1024K, 5 young (5120K), 5 survivors (5120K)
 Metaspace       used 4447K, committed 4608K, reserved 1114112K
  class space    used 557K, committed 640K, reserved 1048576K
}
Event: 1.677 GC heap before
{Heap before GC invocations=2 (full 0):
 garbage-first heap   total 260096K, used 83854K [0x00000000a0000000, 0x0000000100000000)
  region size 1024K, 75 young (76800K), 5 survivors (5120K)
 Metaspace       used 10260K, committed 10560K, reserved 1114112K
  class space    used 1395K, committed 1536K, reserved 1048576K
}
Event: 1.683 GC heap after
{Heap after GC invocations=3 (full 0):
 garbage-first heap   total 260096K, used 19134K [0x00000000a0000000, 0x0000000100000000)
  region size 1024K, 10 young (10240K), 10 survivors (10240K)
 Metaspace       used 10260K, committed 10560K, reserved 1114112K
  class space    used 1395K, committed 1536K, reserved 1048576K
}

Dll operation events (14 events):
Event: 0.008 Loaded shared library C:\Users\shaje\.antigravity\extensions\redhat.java-1.54.0-win32-x64\jre\21.0.10-win32-x86_64\bin\java.dll
Event: 0.061 Loaded shared library C:\Users\shaje\.antigravity\extensions\redhat.java-1.54.0-win32-x64\jre\21.0.10-win32-x86_64\bin\zip.dll
Event: 0.080 Loaded shared library C:\Users\shaje\.antigravity\extensions\redhat.java-1.54.0-win32-x64\jre\21.0.10-win32-x86_64\bin\instrument.dll
Event: 0.085 Loaded shared library C:\Users\shaje\.antigravity\extensions\redhat.java-1.54.0-win32-x64\jre\21.0.10-win32-x86_64\bin\net.dll
Event: 0.087 Loaded shared library C:\Users\shaje\.antigravity\extensions\redhat.java-1.54.0-win32-x64\jre\21.0.10-win32-x86_64\bin\nio.dll
Event: 0.091 Loaded shared library C:\Users\shaje\.antigravity\extensions\redhat.java-1.54.0-win32-x64\jre\21.0.10-win32-x86_64\bin\zip.dll
Event: 0.376 Loaded shared library C:\Users\shaje\.antigravity\extensions\redhat.java-1.54.0-win32-x64\jre\21.0.10-win32-x86_64\bin\jimage.dll
Event: 0.513 Loaded shared library C:\Users\shaje\.antigravity\extensions\redhat.java-1.54.0-win32-x64\jre\21.0.10-win32-x86_64\bin\verify.dll
Event: 0.609 Loaded shared library C:\Users\shaje\.gradle\native\1def1411415f61bf3af743bc5b6707747c0891f09f0c88961ee8f79bc544acac\windows-amd64\native-platform.dll
Event: 0.620 Loaded shared library C:\Users\shaje\.gradle\native\0.2.7\x86_64-windows-gnu\gradle-fileevents.dll
Event: 1.397 Loaded shared library C:\Users\shaje\.antigravity\extensions\redhat.java-1.54.0-win32-x64\jre\21.0.10-win32-x86_64\bin\management.dll
Event: 1.398 Loaded shared library C:\Users\shaje\.antigravity\extensions\redhat.java-1.54.0-win32-x64\jre\21.0.10-win32-x86_64\bin\management_ext.dll
Event: 1.499 Loaded shared library C:\Users\shaje\.antigravity\extensions\redhat.java-1.54.0-win32-x64\jre\21.0.10-win32-x86_64\bin\extnet.dll
Event: 1.637 Loaded shared library C:\Users\shaje\.antigravity\extensions\redhat.java-1.54.0-win32-x64\jre\21.0.10-win32-x86_64\bin\sunmscapi.dll

Deoptimization events (20 events):
Event: 2.058 Thread 0x0000023571233b30 DEOPT PACKING pc=0x000002351e875e90 sp=0x000000b73e1fb200
Event: 2.058 Thread 0x0000023571233b30 DEOPT UNPACKING pc=0x000002351e0e4422 sp=0x000000b73e1fb1d0 mode 2
Event: 2.098 Thread 0x0000023571233b30 Uncommon trap: trap_request=0xffffff45 fr.pc=0x000002351e80e394 relative=0x00000000000000f4
Event: 2.098 Thread 0x0000023571233b30 Uncommon trap: reason=unstable_if action=reinterpret pc=0x000002351e80e394 method=java.util.HashMap.hash(Ljava/lang/Object;)I @ 1 c2
Event: 2.098 Thread 0x0000023571233b30 DEOPT PACKING pc=0x000002351e80e394 sp=0x000000b73e1fc2a0
Event: 2.098 Thread 0x0000023571233b30 DEOPT UNPACKING pc=0x000002351e0e4422 sp=0x000000b73e1fc1e0 mode 2
Event: 2.120 Thread 0x0000023571233b30 DEOPT PACKING pc=0x0000023517125061 sp=0x000000b73e1f89e0
Event: 2.120 Thread 0x0000023571233b30 DEOPT UNPACKING pc=0x000002351e0e4bc2 sp=0x000000b73e1f7ef0 mode 0
Event: 2.127 Thread 0x0000023571233b30 Uncommon trap: trap_request=0xffffff45 fr.pc=0x000002351e936530 relative=0x0000000000000570
Event: 2.127 Thread 0x0000023571233b30 Uncommon trap: reason=unstable_if action=reinterpret pc=0x000002351e936530 method=java.util.ArrayList.grow(I)[Ljava/lang/Object; @ 17 c2
Event: 2.127 Thread 0x0000023571233b30 DEOPT PACKING pc=0x000002351e936530 sp=0x000000b73e1fd1c0
Event: 2.127 Thread 0x0000023571233b30 DEOPT UNPACKING pc=0x000002351e0e4422 sp=0x000000b73e1fd178 mode 2
Event: 2.156 Thread 0x0000023571233b30 DEOPT PACKING pc=0x0000023517125061 sp=0x000000b73e1fc880
Event: 2.156 Thread 0x0000023571233b30 DEOPT UNPACKING pc=0x000002351e0e4bc2 sp=0x000000b73e1fbd90 mode 0
Event: 2.251 Thread 0x0000023571233b30 DEOPT PACKING pc=0x0000023517125082 sp=0x000000b73e1fbf10
Event: 2.251 Thread 0x0000023571233b30 DEOPT UNPACKING pc=0x000002351e0e4bc2 sp=0x000000b73e1fb420 mode 0
Event: 2.270 Thread 0x0000023571233b30 DEOPT PACKING pc=0x0000023517125082 sp=0x000000b73e1fb410
Event: 2.270 Thread 0x0000023571233b30 DEOPT UNPACKING pc=0x000002351e0e4bc2 sp=0x000000b73e1fa920 mode 0
Event: 2.280 Thread 0x0000023571233b30 DEOPT PACKING pc=0x0000023517125061 sp=0x000000b73e1fba70
Event: 2.280 Thread 0x0000023571233b30 DEOPT UNPACKING pc=0x000002351e0e4bc2 sp=0x000000b73e1faf80 mode 0

Classes loaded (20 events):
Event: 2.232 Loading class java/io/ObjectOutputStream$ReplaceTable
Event: 2.232 Loading class java/io/ObjectOutputStream$ReplaceTable done
Event: 2.236 Loading class java/io/UnsupportedEncodingException
Event: 2.236 Loading class java/io/UnsupportedEncodingException done
Event: 2.236 Loading class java/nio/charset/CharacterCodingException
Event: 2.236 Loading class java/nio/charset/CharacterCodingException done
Event: 2.236 Loading class java/util/stream/IntStream
Event: 2.237 Loading class java/util/stream/IntStream done
Event: 2.278 Loading class java/util/function/LongFunction
Event: 2.278 Loading class java/util/function/LongFunction done
Event: 2.321 Loading class java/security/InvalidKeyException
Event: 2.321 Loading class java/security/KeyException
Event: 2.321 Loading class java/security/KeyException done
Event: 2.321 Loading class java/security/InvalidKeyException done
Event: 2.424 Loading class java/lang/management/MemoryType
Event: 2.659 Loading class java/lang/management/MemoryType done
Event: 2.661 Loading class java/lang/management/MemoryUsage
Event: 2.661 Loading class java/lang/management/MemoryUsage done
Event: 2.661 Loading class java/util/concurrent/LinkedBlockingDeque$Node
Event: 2.661 Loading class java/util/concurrent/LinkedBlockingDeque$Node done

Classes unloaded (0 events):
No events

Classes redefined (0 events):
No events

Internal exceptions (20 events):
Event: 2.152 Thread 0x0000023571233b30 Exception <a 'java/lang/NoSuchMethodError'{0x00000000ad62d8f0}: 'java.lang.Object java.lang.invoke.DirectMethodHandle$Holder.invokeStatic(java.lang.Object, java.lang.Object, java.lang.Object, java.lang.Object, java.lang.Object, java.lang.Object, java.lang.Object, java.lang.Object, java.lang.Object, java.lang.Object, java.lang.Object, java.lang.Object, java.lang.Object, java.lang.Object, java.lang.Object, java.lang.Object, java.lang.Object)'> (0x00000000ad62d8f0) 
thrown [s\src\hotspot\share\interpreter\lin
Event: 2.153 Thread 0x0000023571233b30 Exception <a 'java/lang/NoSuchMethodError'{0x00000000ad656680}: 'java.lang.Object java.lang.invoke.DirectMethodHandle$Holder.invokeStatic(java.lang.Object, java.lang.Object, java.lang.Object, java.lang.Object, java.lang.Object, java.lang.Object, java.lang.Object, java.lang.Object, java.lang.Object, java.lang.Object, java.lang.Object, java.lang.Object, java.lang.Object, java.lang.Object, java.lang.Object, java.lang.Object, java.lang.Object, java.lang.Object)'> (0x00000000ad656680) 
thrown [s\src\hotspot\sha
Event: 2.155 Thread 0x0000023571233b30 Exception <a 'java/lang/NoSuchMethodError'{0x00000000ad680b50}: 'java.lang.Object java.lang.invoke.DirectMethodHandle$Holder.invokeStatic(java.lang.Object, java.lang.Object, java.lang.Object, java.lang.Object, java.lang.Object, java.lang.Object, java.lang.Object, java.lang.Object, java.lang.Object, java.lang.Object, java.lang.Object, java.lang.Object, java.lang.Object, java.lang.Object, java.lang.Object, java.lang.Object, java.lang.Object, java.lang.Object, java.lang.Object)'> (0x00000000ad680b50) 
thrown 
Event: 2.157 Thread 0x0000023571233b30 Exception <a 'java/lang/NoSuchMethodError'{0x00000000ad6b2368}: 'java.lang.Object java.lang.invoke.DirectMethodHandle$Holder.invokeStatic(java.lang.Object, java.lang.Object, java.lang.Object, java.lang.Object, java.lang.Object, java.lang.Object, java.lang.Object, java.lang.Object, java.lang.Object, java.lang.Object, java.lang.Object, java.lang.Object, java.lang.Object, java.lang.Object, java.lang.Object, java.lang.Object, java.lang.Object, java.lang.Object, java.lang.Object, java.lang.Object)'> (0x00000000
Event: 2.159 Thread 0x0000023571233b30 Exception <a 'java/lang/NoSuchMethodError'{0x00000000ad6dee88}: 'java.lang.Object java.lang.invoke.DirectMethodHandle$Holder.invokeStatic(java.lang.Object, java.lang.Object, java.lang.Object, java.lang.Object, java.lang.Object, java.lang.Object, java.lang.Object, java.lang.Object, java.lang.Object, java.lang.Object, java.lang.Object, java.lang.Object, java.lang.Object, java.lang.Object, java.lang.Object, java.lang.Object, java.lang.Object, java.lang.Object, java.lang.Object, java.lang.Object, java.lang.Obj
Event: 2.161 Thread 0x0000023571233b30 Exception <a 'java/lang/NoSuchMethodError'{0x00000000ad50cc90}: 'java.lang.Object java.lang.invoke.DirectMethodHandle$Holder.invokeStatic(java.lang.Object, java.lang.Object, java.lang.Object, java.lang.Object, java.lang.Object, java.lang.Object, java.lang.Object, java.lang.Object, java.lang.Object, java.lang.Object, java.lang.Object, java.lang.Object, java.lang.Object, java.lang.Object, java.lang.Object, java.lang.Object, java.lang.Object, java.lang.Object, java.lang.Object, java.lang.Object, java.lang.Obj
Event: 2.162 Thread 0x0000023571233b30 Exception <a 'java/lang/NoSuchMethodError'{0x00000000ad53b800}: 'java.lang.Object java.lang.invoke.DirectMethodHandle$Holder.invokeStatic(java.lang.Object, java.lang.Object, java.lang.Object, java.lang.Object, java.lang.Object, java.lang.Object, java.lang.Object, java.lang.Object, java.lang.Object, java.lang.Object, java.lang.Object, java.lang.Object, java.lang.Object, java.lang.Object, java.lang.Object, java.lang.Object, java.lang.Object, java.lang.Object, java.lang.Object, java.lang.Object, java.lang.Obj
Event: 2.164 Thread 0x0000023571233b30 Exception <a 'java/lang/NoSuchMethodError'{0x00000000ad56c588}: 'java.lang.Object java.lang.invoke.DirectMethodHandle$Holder.invokeStatic(java.lang.Object, java.lang.Object, java.lang.Object, java.lang.Object, java.lang.Object, java.lang.Object, java.lang.Object, java.lang.Object, java.lang.Object, java.lang.Object, java.lang.Object, java.lang.Object, java.lang.Object, java.lang.Object, java.lang.Object, java.lang.Object, java.lang.Object, java.lang.Object, java.lang.Object, java.lang.Object, java.lang.Obj
Event: 2.165 Thread 0x0000023571233b30 Exception <a 'java/lang/NoSuchMethodError'{0x00000000ad59ccd0}: 'java.lang.Object java.lang.invoke.DirectMethodHandle$Holder.invokeStatic(java.lang.Object, java.lang.Object, java.lang.Object, java.lang.Object, java.lang.Object, java.lang.Object, java.lang.Object, java.lang.Object, java.lang.Object, java.lang.Object, java.lang.Object, java.lang.Object, java.lang.Object, java.lang.Object, java.lang.Object, java.lang.Object, java.lang.Object, java.lang.Object, java.lang.Object, java.lang.Object, java.lang.Obj
Event: 2.166 Thread 0x0000023571233b30 Exception <a 'java/lang/NoSuchMethodError'{0x00000000ad5cdbf0}: 'java.lang.Object java.lang.invoke.DirectMethodHandle$Holder.invokeStatic(java.lang.Object, java.lang.Object, java.lang.Object, java.lang.Object, java.lang.Object, java.lang.Object, java.lang.Object, java.lang.Object, java.lang.Object, java.lang.Object, java.lang.Object, java.lang.Object, java.lang.Object, java.lang.Object, java.lang.Object, java.lang.Object, java.lang.Object, java.lang.Object, java.lang.Object, java.lang.Object, java.lang.Obj
Event: 2.168 Thread 0x0000023571233b30 Exception <a 'java/lang/NoSuchMethodError'{0x00000000ad400b58}: 'java.lang.Object java.lang.invoke.DirectMethodHandle$Holder.invokeStatic(java.lang.Object, java.lang.Object, java.lang.Object, java.lang.Object, java.lang.Object, java.lang.Object, java.lang.Object, java.lang.Object, java.lang.Object, java.lang.Object, java.lang.Object, java.lang.Object, java.lang.Object, java.lang.Object, java.lang.Object, java.lang.Object, java.lang.Object, java.lang.Object, java.lang.Object, java.lang.Object, java.lang.Obj
Event: 2.188 Thread 0x0000023571233b30 Exception <a 'java/lang/IncompatibleClassChangeError'{0x00000000ad34ad38}: Found class java.lang.Object, but interface was expected> (0x00000000ad34ad38) 
thrown [s\src\hotspot\share\interpreter\linkResolver.cpp, line 840]
Event: 2.233 Thread 0x0000023572751060 Exception <a 'java/lang/NoSuchMethodError'{0x00000000af811ee0}: static Lorg/gradle/internal/build/event/types/DefaultOperationStartedProgressEvent;.<clinit>()V> (0x00000000af811ee0) 
thrown [s\src\hotspot\share\prims\jni.cpp, line 1111]
Event: 2.234 Thread 0x0000023572751060 Exception <a 'java/lang/NoSuchMethodError'{0x00000000af813518}: static Lorg/gradle/internal/build/event/types/AbstractProgressEvent;.<clinit>()V> (0x00000000af813518) 
thrown [s\src\hotspot\share\prims\jni.cpp, line 1111]
Event: 2.235 Thread 0x0000023572751060 Exception <a 'java/lang/NoSuchMethodError'{0x00000000af81c110}: static Lorg/gradle/internal/build/event/types/DefaultOperationDescriptor;.<clinit>()V> (0x00000000af81c110) 
thrown [s\src\hotspot\share\prims\jni.cpp, line 1111]
Event: 2.238 Thread 0x0000023572751060 Exception <a 'java/lang/NoSuchMethodError'{0x00000000af837ed8}: static Lorg/gradle/internal/operations/OperationIdentifier;.<clinit>()V> (0x00000000af837ed8) 
thrown [s\src\hotspot\share\prims\jni.cpp, line 1111]
Event: 2.366 Thread 0x0000023571233b30 Exception <a 'java/lang/IncompatibleClassChangeError'{0x00000000ac8628d0}: Found class java.lang.Object, but interface was expected> (0x00000000ac8628d0) 
thrown [s\src\hotspot\share\interpreter\linkResolver.cpp, line 840]
Event: 2.370 Thread 0x0000023571233b30 Exception <a 'java/lang/NoSuchMethodError'{0x00000000ac892018}: 'java.lang.Object java.lang.invoke.DirectMethodHandle$Holder.newInvokeSpecial(java.lang.Object, java.lang.Object, java.lang.Object, java.lang.Object, java.lang.Object, java.lang.Object, java.lang.Object, java.lang.Object, java.lang.Object, java.lang.Object)'> (0x00000000ac892018) 
thrown [s\src\hotspot\share\interpreter\linkResolver.cpp, line 773]
Event: 2.678 Thread 0x0000023571233b30 Exception <a 'java/lang/NoSuchMethodError'{0x00000000ac532158}: 'int java.lang.invoke.DirectMethodHandle$Holder.invokeStaticInit(java.lang.Object, java.lang.Object, java.lang.Object)'> (0x00000000ac532158) 
thrown [s\src\hotspot\share\interpreter\linkResolver.cpp, line 773]
Event: 2.705 Thread 0x0000023571233b30 Exception <a 'java/lang/NoSuchMethodError'{0x00000000ac47b758}: 'java.lang.Object java.lang.invoke.DirectMethodHandle$Holder.invokeVirtual(java.lang.Object, java.lang.Object, java.lang.Object, java.lang.Object, java.lang.Object, java.lang.Object, java.lang.Object, java.lang.Object, java.lang.Object, java.lang.Object, java.lang.Object)'> (0x00000000ac47b758) 
thrown [s\src\hotspot\share\interpreter\linkResolver.cpp, line 773]

ZGC Phase Switch (0 events):
No events

VM Operations (20 events):
Event: 1.534 Executing non-safepoint VM operation: HandshakeAllThreads (Deoptimize)
Event: 1.534 Executing non-safepoint VM operation: HandshakeAllThreads (Deoptimize) done
Event: 1.554 Executing non-safepoint VM operation: HandshakeAllThreads (Deoptimize)
Event: 1.554 Executing non-safepoint VM operation: HandshakeAllThreads (Deoptimize) done
Event: 1.628 Executing non-safepoint VM operation: HandshakeAllThreads (Deoptimize)
Event: 1.628 Executing non-safepoint VM operation: HandshakeAllThreads (Deoptimize) done
Event: 1.677 Executing safepoint VM operation: G1CollectForAllocation (G1 Evacuation Pause)
Event: 1.683 Executing safepoint VM operation: G1CollectForAllocation (G1 Evacuation Pause) done
Event: 1.996 Executing non-safepoint VM operation: HandshakeAllThreads (Deoptimize)
Event: 1.996 Executing non-safepoint VM operation: HandshakeAllThreads (Deoptimize) done
Event: 2.049 Executing safepoint VM operation: ICBufferFull
Event: 2.050 Executing safepoint VM operation: ICBufferFull done
Event: 2.172 Executing non-safepoint VM operation: HandshakeAllThreads (Deoptimize)
Event: 2.172 Executing non-safepoint VM operation: HandshakeAllThreads (Deoptimize) done
Event: 2.173 Executing non-safepoint VM operation: HandshakeAllThreads (Deoptimize)
Event: 2.173 Executing non-safepoint VM operation: HandshakeAllThreads (Deoptimize) done
Event: 3.173 Executing safepoint VM operation: Cleanup
Event: 3.798 Executing safepoint VM operation: Cleanup done
Event: 4.812 Executing safepoint VM operation: Cleanup
Event: 4.812 Executing safepoint VM operation: Cleanup done

Memory protections (0 events):
No events

Nmethod flushes (0 events):
No events

Events (20 events):
Event: 0.060 Thread 0x000002352b22f8e0 Thread added: 0x000002352b438f10
Event: 0.082 Thread 0x00000235115b6fd0 Thread added: 0x000002352b52cb10
Event: 0.108 Thread 0x00000235115b6fd0 Thread added: 0x000002352b52a160
Event: 0.368 Thread 0x000002352b292630 Thread added: 0x000002352b626680
Event: 0.378 Thread 0x000002352b438f10 Thread added: 0x000002352b7190a0
Event: 0.378 Thread 0x000002352b438f10 Thread added: 0x000002352b812070
Event: 0.706 Thread 0x000002352b438f10 Thread added: 0x000002352bb2d820
Event: 1.423 Thread 0x00000235115b6fd0 Thread added: 0x0000023571231a60
Event: 1.571 Thread 0x00000235115b6fd0 Thread added: 0x0000023571230d40
Event: 1.625 Thread 0x00000235115b6fd0 Thread added: 0x00000235712320f0
Event: 1.656 Thread 0x0000023571230d40 Thread added: 0x00000235712341c0
Event: 1.660 Thread 0x00000235712341c0 Thread added: 0x0000023571232e10
Event: 1.715 Thread 0x00000235712341c0 Thread added: 0x00000235712334a0
Event: 1.719 Thread 0x00000235712341c0 Thread added: 0x0000023571233b30
Event: 1.726 Thread 0x0000023571233b30 Thread added: 0x0000023572753130
Event: 1.729 Thread 0x0000023571233b30 Thread added: 0x0000023572752aa0
Event: 1.731 Thread 0x0000023571233b30 Thread added: 0x0000023572751060
Event: 1.996 Thread 0x0000023571233b30 Thread added: 0x00000235727537c0
Event: 2.000 Thread 0x0000023571233b30 Thread added: 0x0000023572751d80
Event: 2.026 Thread 0x0000023571233b30 Thread added: 0x00000235727544e0


Dynamic libraries:
0x00007ff7541d0000 - 0x00007ff7541de000 	C:\Users\shaje\.antigravity\extensions\redhat.java-1.54.0-win32-x64\jre\21.0.10-win32-x86_64\bin\java.exe
0x00007ffb33b00000 - 0x00007ffb33d67000 	C:\WINDOWS\SYSTEM32\ntdll.dll
0x00007ffb32020000 - 0x00007ffb320e9000 	C:\WINDOWS\System32\KERNEL32.DLL
0x00007ffb30690000 - 0x00007ffb30a87000 	C:\WINDOWS\System32\KERNELBASE.dll
0x00007ffb30b50000 - 0x00007ffb30c9b000 	C:\WINDOWS\System32\ucrtbase.dll
0x00007ffaf28f0000 - 0x00007ffaf290e000 	C:\Users\shaje\.antigravity\extensions\redhat.java-1.54.0-win32-x64\jre\21.0.10-win32-x86_64\bin\VCRUNTIME140.dll
0x00007ffaf9270000 - 0x00007ffaf9288000 	C:\Users\shaje\.antigravity\extensions\redhat.java-1.54.0-win32-x64\jre\21.0.10-win32-x86_64\bin\jli.dll
0x00007ffb32fb0000 - 0x00007ffb33176000 	C:\WINDOWS\System32\USER32.dll
0x00007ffb17c60000 - 0x00007ffb17ef2000 	C:\WINDOWS\WinSxS\amd64_microsoft.windows.common-controls_6595b64144ccf1df_6.0.26100.8457_none_3e0b2faee331e92d\COMCTL32.dll
0x00007ffb30a90000 - 0x00007ffb30ab7000 	C:\WINDOWS\System32\win32u.dll
0x00007ffb33280000 - 0x00007ffb33329000 	C:\WINDOWS\System32\msvcrt.dll
0x00007ffb31ff0000 - 0x00007ffb3201b000 	C:\WINDOWS\System32\GDI32.dll
0x00007ffb30d60000 - 0x00007ffb30e8c000 	C:\WINDOWS\System32\gdi32full.dll
0x00007ffb305e0000 - 0x00007ffb30683000 	C:\WINDOWS\System32\msvcp_win.dll
0x00007ffb32f70000 - 0x00007ffb32fa2000 	C:\WINDOWS\System32\IMM32.DLL
0x00007ffb2bcd0000 - 0x00007ffb2bcdc000 	C:\Users\shaje\.antigravity\extensions\redhat.java-1.54.0-win32-x64\jre\21.0.10-win32-x86_64\bin\vcruntime140_1.dll
0x00007ffaed400000 - 0x00007ffaed48d000 	C:\Users\shaje\.antigravity\extensions\redhat.java-1.54.0-win32-x64\jre\21.0.10-win32-x86_64\bin\msvcp140.dll
0x00007ffaa5cc0000 - 0x00007ffaa6a61000 	C:\Users\shaje\.antigravity\extensions\redhat.java-1.54.0-win32-x64\jre\21.0.10-win32-x86_64\bin\server\jvm.dll
0x00007ffb31890000 - 0x00007ffb31946000 	C:\WINDOWS\System32\ADVAPI32.dll
0x00007ffb32dc0000 - 0x00007ffb32e67000 	C:\WINDOWS\System32\sechost.dll
0x00007ffb32240000 - 0x00007ffb32358000 	C:\WINDOWS\System32\RPCRT4.dll
0x00007ffb31950000 - 0x00007ffb319d0000 	C:\WINDOWS\System32\WS2_32.dll
0x00007ffb30390000 - 0x00007ffb303ee000 	C:\WINDOWS\SYSTEM32\POWRPROF.dll
0x00007ffb25650000 - 0x00007ffb25686000 	C:\WINDOWS\SYSTEM32\WINMM.dll
0x00007ffb29600000 - 0x00007ffb2960b000 	C:\WINDOWS\SYSTEM32\VERSION.dll
0x00007ffb30370000 - 0x00007ffb30384000 	C:\WINDOWS\SYSTEM32\UMPDC.dll
0x00007ffb2f2c0000 - 0x00007ffb2f2db000 	C:\WINDOWS\SYSTEM32\kernel.appcore.dll
0x00007ffb2bc00000 - 0x00007ffb2bc0a000 	C:\Users\shaje\.antigravity\extensions\redhat.java-1.54.0-win32-x64\jre\21.0.10-win32-x86_64\bin\jimage.dll
0x00007ffb1a420000 - 0x00007ffb1a662000 	C:\WINDOWS\SYSTEM32\DBGHELP.DLL
0x00007ffb33380000 - 0x00007ffb33703000 	C:\WINDOWS\System32\combase.dll
0x00007ffb33180000 - 0x00007ffb33259000 	C:\WINDOWS\System32\OLEAUT32.dll
0x00007ffb1fd10000 - 0x00007ffb1fd4b000 	C:\WINDOWS\SYSTEM32\dbgcore.DLL
0x00007ffb30530000 - 0x00007ffb305d8000 	C:\WINDOWS\System32\bcryptPrimitives.dll
0x00007ffb1d330000 - 0x00007ffb1d33f000 	C:\Users\shaje\.antigravity\extensions\redhat.java-1.54.0-win32-x64\jre\21.0.10-win32-x86_64\bin\instrument.dll
0x00007ffaed3e0000 - 0x00007ffaed400000 	C:\Users\shaje\.antigravity\extensions\redhat.java-1.54.0-win32-x64\jre\21.0.10-win32-x86_64\bin\java.dll
0x00007ffb32640000 - 0x00007ffb32dae000 	C:\WINDOWS\System32\SHELL32.dll
0x00007ffb30e90000 - 0x00007ffb316fc000 	C:\WINDOWS\System32\windows.storage.dll
0x00007ffb319e0000 - 0x00007ffb31ad6000 	C:\WINDOWS\System32\SHCORE.dll
0x00007ffb33710000 - 0x00007ffb33776000 	C:\WINDOWS\System32\shlwapi.dll
0x00007ffb30450000 - 0x00007ffb30479000 	C:\WINDOWS\SYSTEM32\profapi.dll
0x00007ffaed3c0000 - 0x00007ffaed3d8000 	C:\Users\shaje\.antigravity\extensions\redhat.java-1.54.0-win32-x64\jre\21.0.10-win32-x86_64\bin\zip.dll
0x00007ffb1d300000 - 0x00007ffb1d310000 	C:\Users\shaje\.antigravity\extensions\redhat.java-1.54.0-win32-x64\jre\21.0.10-win32-x86_64\bin\net.dll
0x00007ffb298e0000 - 0x00007ffb29a09000 	C:\WINDOWS\SYSTEM32\WINHTTP.dll
0x00007ffb2f830000 - 0x00007ffb2f89c000 	C:\WINDOWS\system32\mswsock.dll
0x00007ffaec050000 - 0x00007ffaec066000 	C:\Users\shaje\.antigravity\extensions\redhat.java-1.54.0-win32-x64\jre\21.0.10-win32-x86_64\bin\nio.dll
0x00007ffb19e90000 - 0x00007ffb19ea0000 	C:\Users\shaje\.antigravity\extensions\redhat.java-1.54.0-win32-x64\jre\21.0.10-win32-x86_64\bin\verify.dll
0x00007ffb0b740000 - 0x00007ffb0b767000 	C:\Users\shaje\.gradle\native\1def1411415f61bf3af743bc5b6707747c0891f09f0c88961ee8f79bc544acac\windows-amd64\native-platform.dll
0x00007ffadc900000 - 0x00007ffadc978000 	C:\Users\shaje\.gradle\native\0.2.7\x86_64-windows-gnu\gradle-fileevents.dll
0x00007ffb0fa00000 - 0x00007ffb0fa0a000 	C:\Users\shaje\.antigravity\extensions\redhat.java-1.54.0-win32-x64\jre\21.0.10-win32-x86_64\bin\management.dll
0x00007ffb0f9a0000 - 0x00007ffb0f9ac000 	C:\Users\shaje\.antigravity\extensions\redhat.java-1.54.0-win32-x64\jre\21.0.10-win32-x86_64\bin\management_ext.dll
0x00007ffb32f00000 - 0x00007ffb32f08000 	C:\WINDOWS\System32\PSAPI.DLL
0x00007ffb2ecd0000 - 0x00007ffb2ed02000 	C:\WINDOWS\SYSTEM32\IPHLPAPI.DLL
0x00007ffb33270000 - 0x00007ffb3327a000 	C:\WINDOWS\System32\NSI.dll
0x00007ffb0fc80000 - 0x00007ffb0fc89000 	C:\Users\shaje\.antigravity\extensions\redhat.java-1.54.0-win32-x64\jre\21.0.10-win32-x86_64\bin\extnet.dll
0x00007ffb2fb20000 - 0x00007ffb2fb3b000 	C:\WINDOWS\SYSTEM32\CRYPTSP.dll
0x00007ffb2f220000 - 0x00007ffb2f259000 	C:\WINDOWS\system32\rsaenh.dll
0x00007ffb2f8e0000 - 0x00007ffb2f913000 	C:\WINDOWS\SYSTEM32\USERENV.dll
0x00007ffb30420000 - 0x00007ffb3044a000 	C:\WINDOWS\SYSTEM32\bcrypt.dll
0x00007ffb2fb10000 - 0x00007ffb2fb1c000 	C:\WINDOWS\SYSTEM32\CRYPTBASE.dll
0x00007ffb10d10000 - 0x00007ffb10d1e000 	C:\Users\shaje\.antigravity\extensions\redhat.java-1.54.0-win32-x64\jre\21.0.10-win32-x86_64\bin\sunmscapi.dll
0x00007ffb31700000 - 0x00007ffb31878000 	C:\WINDOWS\System32\CRYPT32.dll
0x00007ffb2fd30000 - 0x00007ffb2fd60000 	C:\WINDOWS\SYSTEM32\ncrypt.dll
0x00007ffb2fce0000 - 0x00007ffb2fd1f000 	C:\WINDOWS\SYSTEM32\NTASN1.dll
0x00007ffb030d0000 - 0x00007ffb030d8000 	C:\WINDOWS\system32\wshunix.dll

JVMTI agents:
C:\Users\shaje\.gradle\wrapper\dists\gradle-8.14.3-all\10utluxaxniiv4wxiphsi49nj\gradle-8.14.3\lib\agents\gradle-instrumentation-agent-8.14.3.jar path:C:\Users\shaje\.antigravity\extensions\redhat.java-1.54.0-win32-x64\jre\21.0.10-win32-x86_64\bin\instrument.dll, loaded, initialized, instrumentlib options:none

dbghelp: loaded successfully - version: 4.0.5 - missing functions: none
symbol engine: initialized successfully - sym options: 0x614 - pdb path: .;C:\Users\shaje\.antigravity\extensions\redhat.java-1.54.0-win32-x64\jre\21.0.10-win32-x86_64\bin;C:\WINDOWS\SYSTEM32;C:\WINDOWS\WinSxS\amd64_microsoft.windows.common-controls_6595b64144ccf1df_6.0.26100.8457_none_3e0b2faee331e92d;C:\Users\shaje\.antigravity\extensions\redhat.java-1.54.0-win32-x64\jre\21.0.10-win32-x86_64\bin\server;C:\Users\shaje\.gradle\native\1def1411415f61bf3af743bc5b6707747c0891f09f0c88961ee8f79bc544acac\windows-amd64;C:\Users\shaje\.gradle\native\0.2.7\x86_64-windows-gnu

VM Arguments:
jvm_args: --add-opens=java.base/java.lang=ALL-UNNAMED --add-opens=java.base/java.lang.invoke=ALL-UNNAMED --add-opens=java.base/java.util=ALL-UNNAMED --add-opens=java.prefs/java.util.prefs=ALL-UNNAMED --add-exports=jdk.compiler/com.sun.tools.javac.api=ALL-UNNAMED --add-exports=jdk.compiler/com.sun.tools.javac.util=ALL-UNNAMED --add-opens=java.base/java.util=ALL-UNNAMED --add-opens=java.prefs/java.util.prefs=ALL-UNNAMED --add-opens=java.base/java.nio.charset=ALL-UNNAMED --add-opens=java.base/java.net=ALL-UNNAMED --add-opens=java.base/java.util.concurrent.atomic=ALL-UNNAMED --add-opens=java.xml/javax.xml.namespace=ALL-UNNAMED -Xmx1536m -Dfile.encoding=UTF-8 -Duser.country=US -Duser.language=en -Duser.variant -javaagent:C:\Users\shaje\.gradle\wrapper\dists\gradle-8.14.3-all\10utluxaxniiv4wxiphsi49nj\gradle-8.14.3\lib\agents\gradle-instrumentation-agent-8.14.3.jar 
java_command: org.gradle.launcher.daemon.bootstrap.GradleDaemon 8.14.3
java_class_path (initial): C:\Users\shaje\.gradle\wrapper\dists\gradle-8.14.3-all\10utluxaxniiv4wxiphsi49nj\gradle-8.14.3\lib\gradle-daemon-main-8.14.3.jar
Launcher Type: SUN_STANDARD

[Global flags]
     intx CICompilerCount                          = 12                                        {product} {ergonomic}
     uint ConcGCThreads                            = 3                                         {product} {ergonomic}
     uint G1ConcRefinementThreads                  = 13                                        {product} {ergonomic}
   size_t G1HeapRegionSize                         = 1048576                                   {product} {ergonomic}
    uintx GCDrainStackTargetSize                   = 64                                        {product} {ergonomic}
   size_t InitialHeapSize                          = 266338304                                 {product} {ergonomic}
   size_t MarkStackSize                            = 4194304                                   {product} {ergonomic}
   size_t MaxHeapSize                              = 1610612736                                {product} {command line}
   size_t MaxNewSize                               = 965738496                                 {product} {ergonomic}
   size_t MinHeapDeltaBytes                        = 1048576                                   {product} {ergonomic}
   size_t MinHeapSize                              = 8388608                                   {product} {ergonomic}
    uintx NonNMethodCodeHeapSize                   = 7602480                                {pd product} {ergonomic}
    uintx NonProfiledCodeHeapSize                  = 122027880                              {pd product} {ergonomic}
    uintx ProfiledCodeHeapSize                     = 122027880                              {pd product} {ergonomic}
    uintx ReservedCodeCacheSize                    = 251658240                              {pd product} {ergonomic}
     bool SegmentedCodeCache                       = true                                      {product} {ergonomic}
   size_t SoftMaxHeapSize                          = 1610612736                             {manageable} {ergonomic}
     bool UseCompressedOops                        = true                           {product lp64_product} {ergonomic}
     bool UseG1GC                                  = true                                      {product} {ergonomic}
     bool UseLargePagesIndividualAllocation        = false                                  {pd product} {ergonomic}

Logging:
Log output configuration:
 #0: stdout all=warning uptime,level,tags foldmultilines=false
 #1: stderr all=off uptime,level,tags foldmultilines=false

Release file:
JAVA_VERSION="21.0.10" 
MODULES="java.base java.compiler java.datatransfer java.xml java.prefs java.desktop java.instrument java.logging java.management java.security.sasl java.naming java.rmi java.management.rmi java.net.http java.scripting java.security.jgss java.transaction.xa java.sql java.sql.rowset java.xml.crypto java.se java.smartcardio jdk.accessibility jdk.internal.jvmstat jdk.attach jdk.charsets jdk.internal.opt jdk.zipfs jdk.compiler jdk.crypto.ec jdk.crypto.cryptoki jdk.crypto.mscapi jdk.dynalink jdk.internal.ed jdk.editpad jdk.hotspot.agent jdk.httpserver jdk.internal.le jdk.internal.vm.ci jdk.internal.vm.compiler jdk.internal.vm.compiler.management jdk.jartool jdk.javadoc jdk.jcmd jdk.management jdk.management.agent jdk.jconsole jdk.jdeps jdk.jdwp.agent jdk.jdi jdk.jfr jdk.jshell jdk.jsobject jdk.jstatd jdk.localedata jdk.management.jfr jdk.naming.dns jdk.naming.rmi jdk.net jdk.nio.mapmode jdk.random jdk.sctp jdk.security.auth jdk.security.jgss jdk.unsupported jdk.unsupported.desktop jdk.xml.dom" 

Environment Variables:
PATH=C:\Program Files (x86)\VMware\VMware Workstation\bin\;C:\WINDOWS\system32;C:\WINDOWS;C:\WINDOWS\System32\Wbem;C:\WINDOWS\System32\WindowsPowerShell\v1.0\;C:\WINDOWS\System32\OpenSSH\;C:\Program Files\dotnet\;C:\Program Files\nodejs\;C:\ProgramData\chocolatey\bin;C:\Program Files\Git\cmd;C:\Users\shaje\AppData\Local\Programs\Eclipse Adoptium\jdk-25.0.3.9-hotspot\bin;C:\Users\shaje\AppData\Local\Programs\Python\Python312\Scripts\;C:\Users\shaje\AppData\Local\Programs\Python\Python312\;C:\Users\shaje\AppData\Local\Programs\Python\Launcher\;c:\Users\shaje\AppData\Local\Programs\cursor\resources\app\codeBin;C:\Users\shaje\AppData\Local\Microsoft\WindowsApps;C:\Users\shaje\AppData\Local\Programs\Microsoft VS Code\bin;C:\Users\shaje\AppData\Local\Programs\Antigravity\bin;C:\Users\shaje\AppData\Roaming\npm;C:\Users\shaje\AppData\Local\Programs\mongosh\
USERNAME=shaje
OS=Windows_NT
PROCESSOR_IDENTIFIER=AMD64 Family 25 Model 68 Stepping 1, AuthenticAMD
TMP=C:\Users\shaje\AppData\Local\Temp
TEMP=C:\Users\shaje\AppData\Local\Temp




Periodic native trim disabled

---------------  S Y S T E M  ---------------

OS:
 Windows 11 , 64 bit Build 26100 (10.0.26100.8328)
OS uptime: 2 days 7:54 hours

CPU: total 16 (initial active 16) (16 cores per cpu, 2 threads per core) family 25 model 68 stepping 1 microcode 0xa40410a, cx8, cmov, fxsr, ht, mmx, 3dnowpref, sse, sse2, sse3, ssse3, sse4a, sse4.1, sse4.2, popcnt, lzcnt, tsc, tscinvbit, avx, avx2, aes, erms, clmul, bmi1, bmi2, adx, sha, fma, vzeroupper, clflush, clflushopt, rdtscp, rdpid, fsrm, f16c, pku, cet_ss
Processor Information for the first 16 processors :
  Max Mhz: 3100, Current Mhz: 3100, Mhz Limit: 3100

Memory: 4k page, system-wide physical 16202M (1326M free)
TotalPageFile size 24202M (AvailPageFile size 77M)
current process WorkingSet (physical memory assigned to process): 258M, peak: 259M
current process commit charge ("private bytes"): 473M, peak: 473M

vm_info: OpenJDK 64-Bit Server VM (21.0.10+7-LTS) for windows-amd64 JRE (21.0.10+7-LTS), built on 2026-01-20T00:00:00Z by "admin" with MS VC++ 17.12 (VS2022)

END.
